#
# There is insufficient memory for the Java Runtime Environment to continue.
# Native memory allocation (malloc) failed to allocate 959392 bytes. Error detail: Chunk::new
# Possible reasons:
#   The system is out of physical RAM or swap space
#   This process is running with CompressedOops enabled, and the Java Heap may be blocking the growth of the native heap
# Possible solutions:
#   Reduce memory load on the system
#   Increase physical memory or swap space
#   Check if swap backing store is full
#   Decrease Java heap size (-Xmx/-Xms)
#   Decrease number of Java threads
#   Decrease Java thread stack sizes (-Xss)
#   Set larger code cache with -XX:ReservedCodeCacheSize=
#   JVM is running with Zero Based Compressed Oops mode in which the Java heap is
#     placed in the first 32GB address space. The Java Heap base address is the
#     maximum limit for the native heap growth. Please use -XX:HeapBaseMinAddress
#     to set the Java Heap base and to place the Java Heap above 32GB virtual address.
# This output file may be truncated or incomplete.
#
#  Out of Memory Error (arena.cpp:149), pid=22588, tid=16080
#
# JRE version: Java(TM) SE Runtime Environment (23.0+37) (build 23+37-2369)
# Java VM: Java HotSpot(TM) 64-Bit Server VM (23+37-2369, mixed mode, sharing, tiered, compressed oops, compressed class ptrs, g1 gc, windows-amd64)
# No core dump will be written. Minidumps are not enabled by default on client versions of Windows
#

---------------  S U M M A R Y ------------

Command Line: -javaagent:C:\Program Files\JetBrains\IntelliJ IDEA 2024.3.1\lib\idea_rt.jar=57918:C:\Program Files\JetBrains\IntelliJ IDEA 2024.3.1\bin -Dfile.encoding=UTF-8 -Dsun.stdout.encoding=UTF-8 -Dsun.stderr.encoding=UTF-8 --module-path=C:\Users\husse\.m2\repository\org\openjfx\javafx-media\21\javafx-media-21-win.jar;C:\Users\husse\.m2\repository\org\openjfx\javafx-web\21\javafx-web-21-win.jar;C:\Users\husse\.m2\repository\org\openjfx\javafx-controls\21\javafx-controls-21-win.jar;D:\Projects\IdeaProjects\WatchIt\target\classes;C:\Users\husse\Downloads\Compressed\jar_files\fontawesomefx-8.2.jar;C:\Users\husse\.m2\repository\org\openjfx\javafx-base\21\javafx-base-21-win.jar;C:\Users\husse\.m2\repository\org\openjfx\javafx-fxml\21\javafx-fxml-21-win.jar;C:\Users\husse\.m2\repository\org\openjfx\javafx-graphics\21\javafx-graphics-21-win.jar -Djdk.module.main=watchit watchit/WatchIt.Application

Host: Intel(R) Core(TM) i7-9750H CPU @ 2.60GHz, 12 cores, 15G,  Windows 11 , 64 bit Build 26100 (10.0.26100.2454)
Time: Sat Dec 14 16:10:45 2024 Egypt Standard Time elapsed time: 12.859046 seconds (0d 0h 0m 12s)

---------------  T H R E A D  ---------------

Current thread (0x0000017099dfdbd0):  JavaThread "C2 CompilerThread1" daemon [_thread_in_native, id=16080, stack(0x0000006043200000,0x0000006043300000) (1024K)]


Current CompileTask:
C2:12859 2029       4       java.io.DataInputStream::readUTF (497 bytes)

Stack: [0x0000006043200000,0x0000006043300000]
Native frames: (J=compiled Java code, j=interpreted, Vv=VM code, C=native code)
V  [jvm.dll+0x6e08a9]  (no source info available)
V  [jvm.dll+0x87da63]  (no source info available)
V  [jvm.dll+0x87feee]  (no source info available)
V  [jvm.dll+0x8805c3]  (no source info available)
V  [jvm.dll+0x27aee6]  (no source info available)
V  [jvm.dll+0xbc06f]  (no source info available)
V  [jvm.dll+0xbc2cb]  (no source info available)
V  [jvm.dll+0x3b3a9c]  (no source info available)
V  [jvm.dll+0x38a42b]  (no source info available)
V  [jvm.dll+0x38989a]  (no source info available)
V  [jvm.dll+0x244aa1]  (no source info available)
V  [jvm.dll+0x243dff]  (no source info available)
V  [jvm.dll+0x1c33a0]  (no source info available)
V  [jvm.dll+0x253cf1]  (no source info available)
V  [jvm.dll+0x251faa]  (no source info available)
V  [jvm.dll+0x3ee036]  (no source info available)
V  [jvm.dll+0x824f1b]  (no source info available)
V  [jvm.dll+0x6df055]  (no source info available)
C  [ucrtbase.dll+0x14ea0]  (no source info available)
C  [KERNEL32.DLL+0x2e8d7]  (no source info available)
C  [ntdll.dll+0xdfbcc]  (no source info available)

Lock stack of current Java thread (top to bottom):


---------------  P R O C E S S  ---------------

Threads class SMR info:
_java_thread_list=0x00000170e043dff0, length=22, elements={
0x00000170fa0de360, 0x0000017099a5e810, 0x0000017099a5f470, 0x0000017099a670e0,
0x0000017099a688b0, 0x0000017099a695d0, 0x0000017099a68f40, 0x0000017099a6fe90,
0x0000017099ac0040, 0x0000017099a69c60, 0x0000017099a6a2f0, 0x0000017099a68220,
0x0000017099a6a980, 0x0000017099a6b010, 0x0000017099a67b90, 0x00000170e01a9e90,
0x00000170e01aa520, 0x00000170e01aabb0, 0x00000170e01ab240, 0x00000170e01a9170,
0x00000170e01ab8d0, 0x0000017099dfdbd0
}

Java Threads: ( => current thread )
  0x00000170fa0de360 JavaThread "main"                              [_thread_blocked, id=2980, stack(0x0000006040b00000,0x0000006040c00000) (1024K)]
  0x0000017099a5e810 JavaThread "Reference Handler"          daemon [_thread_blocked, id=18376, stack(0x0000006041300000,0x0000006041400000) (1024K)]
  0x0000017099a5f470 JavaThread "Finalizer"                  daemon [_thread_blocked, id=11088, stack(0x0000006041400000,0x0000006041500000) (1024K)]
  0x0000017099a670e0 JavaThread "Signal Dispatcher"          daemon [_thread_blocked, id=21096, stack(0x0000006041500000,0x0000006041600000) (1024K)]
  0x0000017099a688b0 JavaThread "Attach Listener"            daemon [_thread_blocked, id=11340, stack(0x0000006041600000,0x0000006041700000) (1024K)]
  0x0000017099a695d0 JavaThread "Service Thread"             daemon [_thread_blocked, id=400, stack(0x0000006041700000,0x0000006041800000) (1024K)]
  0x0000017099a68f40 JavaThread "Monitor Deflation Thread"   daemon [_thread_blocked, id=23036, stack(0x0000006041800000,0x0000006041900000) (1024K)]
  0x0000017099a6fe90 JavaThread "C2 CompilerThread0"         daemon [_thread_blocked, id=7072, stack(0x0000006041900000,0x0000006041a00000) (1024K)]
  0x0000017099ac0040 JavaThread "C1 CompilerThread0"         daemon [_thread_in_vm, id=9852, stack(0x0000006041a00000,0x0000006041b00000) (1024K)]
  0x0000017099a69c60 JavaThread "Common-Cleaner"             daemon [_thread_blocked, id=12548, stack(0x0000006041b00000,0x0000006041c00000) (1024K)]
  0x0000017099a6a2f0 JavaThread "Monitor Ctrl-Break"         daemon [_thread_in_native, id=17520, stack(0x0000006041e00000,0x0000006041f00000) (1024K)]
  0x0000017099a68220 JavaThread "Notification Thread"        daemon [_thread_blocked, id=14356, stack(0x0000006041f00000,0x0000006042000000) (1024K)]
  0x0000017099a6a980 JavaThread "RMI TCP Accept-0"           daemon [_thread_in_native, id=808, stack(0x0000006041c00000,0x0000006041d00000) (1024K)]
  0x0000017099a6b010 JavaThread "RMI TCP Connection(1)-192.168.245.1" daemon [_thread_blocked, id=9360, stack(0x0000006042700000,0x0000006042800000) (1024K)]
  0x0000017099a67b90 JavaThread "QuantumRenderer-0"          daemon [_thread_blocked, id=13780, stack(0x0000006042800000,0x0000006042900000) (1024K)]
  0x00000170e01a9e90 JavaThread "RMI Scheduler(0)"           daemon [_thread_blocked, id=2112, stack(0x0000006042900000,0x0000006042a00000) (1024K)]
  0x00000170e01aa520 JavaThread "JMX server connection timeout 35" daemon [_thread_blocked, id=24932, stack(0x0000006042a00000,0x0000006042b00000) (1024K)]
  0x00000170e01aabb0 JavaThread "InvokeLaterDispatcher"      daemon [_thread_blocked, id=21360, stack(0x0000006042b00000,0x0000006042c00000) (1024K)]
  0x00000170e01ab240 JavaThread "JavaFX Application Thread"         [_thread_blocked, id=15548, stack(0x0000006042c00000,0x0000006042d00000) (1024K)]
  0x00000170e01a9170 JavaThread "JavaFX-Launcher"                   [_thread_blocked, id=11312, stack(0x0000006043100000,0x0000006043200000) (1024K)]
  0x00000170e01ab8d0 JavaThread "Thread-2"                   daemon [_thread_in_native, id=13180, stack(0x0000006043000000,0x0000006043100000) (1024K)]
=>0x0000017099dfdbd0 JavaThread "C2 CompilerThread1"         daemon [_thread_in_native, id=16080, stack(0x0000006043200000,0x0000006043300000) (1024K)]
Total: 22

Other Threads:
  0x0000017099a45780 VMThread "VM Thread"                           [id=25876, stack(0x0000006041200000,0x0000006041300000) (1024K)]
  0x0000017099a2c250 WatcherThread "VM Periodic Task Thread"        [id=17556, stack(0x0000006041100000,0x0000006041200000) (1024K)]
  0x00000170fa140f10 WorkerThread "GC Thread#0"                     [id=24944, stack(0x0000006040c00000,0x0000006040d00000) (1024K)]
  0x00000170e028cbc0 WorkerThread "GC Thread#1"                     [id=5524, stack(0x0000006041d00000,0x0000006041e00000) (1024K)]
  0x00000170df6b7b60 WorkerThread "GC Thread#2"                     [id=4360, stack(0x0000006042000000,0x0000006042100000) (1024K)]
  0x00000170df6b7f10 WorkerThread "GC Thread#3"                     [id=24856, stack(0x0000006042100000,0x0000006042200000) (1024K)]
  0x00000170df6b82c0 WorkerThread "GC Thread#4"                     [id=21604, stack(0x0000006042200000,0x0000006042300000) (1024K)]
  0x00000170df6b8a70 WorkerThread "GC Thread#5"                     [id=25624, stack(0x0000006042300000,0x0000006042400000) (1024K)]
  0x00000170dfe710a0 WorkerThread "GC Thread#6"                     [id=12132, stack(0x0000006042400000,0x0000006042500000) (1024K)]
  0x00000170dfe71f60 WorkerThread "GC Thread#7"                     [id=24096, stack(0x0000006042500000,0x0000006042600000) (1024K)]
  0x00000170dfe71450 WorkerThread "GC Thread#8"                     [id=14284, stack(0x0000006042600000,0x0000006042700000) (1024K)]
  0x00000170e02c0b70 WorkerThread "GC Thread#9"                     [id=1232, stack(0x0000006043300000,0x0000006043400000) (1024K)]
  0x00000170f7dfe6d0 ConcurrentGCThread "G1 Main Marker"            [id=26076, stack(0x0000006040d00000,0x0000006040e00000) (1024K)]
  0x00000170fa157690 WorkerThread "G1 Conc#0"                       [id=16096, stack(0x0000006040e00000,0x0000006040f00000) (1024K)]
  0x00000170998fdab0 ConcurrentGCThread "G1 Refine#0"               [id=12540, stack(0x0000006040f00000,0x0000006041000000) (1024K)]
  0x00000170998fe2e0 ConcurrentGCThread "G1 Service"                [id=3436, stack(0x0000006041000000,0x0000006041100000) (1024K)]
Total: 16

Threads with active compile tasks:
C1 CompilerThread0  20177 2177       3       jdk.internal.misc.Unsafe::putShortUnaligned (37 bytes)
C2 CompilerThread1  20177 2029       4       java.io.DataInputStream::readUTF (497 bytes)
Total: 2

VM state: not at safepoint (normal execution)

VM Mutex/Monitor currently owned by a thread:  ([mutex/lock_event])
[0x00007ff89bbe2490] MethodCompileQueue_lock - owner thread: 0x0000017099ac0040
[0x00007ff89bbe3810] CodeCache_lock - owner thread: 0x0000017099ac0040
[0x00007ff89bbe3990] Compile_lock - owner thread: 0x0000017099ac0040

Heap address: 0x0000000702e00000, size: 4050 MB, Compressed Oops mode: Zero based, Oop shift amount: 3

CDS archive(s) mapped at: [0x000001709a000000-0x000001709ad70000-0x000001709ad70000), size 14090240, SharedBaseAddress: 0x000001709a000000, ArchiveRelocationMode: 1.
Compressed class space mapped at: 0x000001709b000000-0x00000170db000000, reserved size: 1073741824
Narrow klass base: 0x000001709a000000, Narrow klass shift: 0, Narrow klass range: 0x41000000

GC Precious Log:
 CardTable entry size: 512
 Card Set container configuration: InlinePtr #cards 4 size 8 Array Of Cards #cards 16 size 48 Howl #buckets 8 coarsen threshold 3686 Howl Bitmap #cards 512 size 80 coarsen threshold 460 Card regions per heap region 1 cards per card region 4096
 CPUs: 12 total, 12 available
 Memory: 16196M
 Large Page Support: Disabled
 NUMA Support: Disabled
 Compressed Oops: Enabled (Zero based)
 Heap Region Size: 2M
 Heap Min Capacity: 8M
 Heap Initial Capacity: 254M
 Heap Max Capacity: 4050M
 Pre-touch: Disabled
 Parallel Workers: 10
 Concurrent Workers: 3
 Concurrent Refinement Workers: 10
 Periodic GC: Disabled

Heap:
 garbage-first heap   total reserved 4147200K, committed 260096K, used 6979K [0x0000000702e00000, 0x0000000800000000)
  region size 2048K, 4 young (8192K), 2 survivors (4096K)
 Metaspace       used 13941K, committed 14272K, reserved 1114112K
  class space    used 1773K, committed 1920K, reserved 1048576K

Heap Regions: E=young(eden), S=young(survivor), O=old, HS=humongous(starts), HC=humongous(continues), CS=collection set, F=free, TAMS=top-at-mark-start, PB=parsable bottom
|   0|0x0000000702e00000, 0x0000000703000000, 0x0000000703000000|100%| O|  |TAMS 0x0000000702e00000| PB 0x0000000702e00000| Untracked |  0
|   1|0x0000000703000000, 0x0000000703200000, 0x0000000703200000|100%| O|  |TAMS 0x0000000703000000| PB 0x0000000703000000| Untracked |  0
|   2|0x0000000703200000, 0x0000000703214000, 0x0000000703400000|  3%| O|  |TAMS 0x0000000703200000| PB 0x0000000703200000| Untracked |  0
|   3|0x0000000703400000, 0x0000000703400000, 0x0000000703600000|  0%| F|  |TAMS 0x0000000703400000| PB 0x0000000703400000| Untracked |  0
|   4|0x0000000703600000, 0x0000000703600000, 0x0000000703800000|  0%| F|  |TAMS 0x0000000703600000| PB 0x0000000703600000| Untracked |  0
|   5|0x0000000703800000, 0x0000000703800000, 0x0000000703a00000|  0%| F|  |TAMS 0x0000000703800000| PB 0x0000000703800000| Untracked |  0
|   6|0x0000000703a00000, 0x0000000703a00000, 0x0000000703c00000|  0%| F|  |TAMS 0x0000000703a00000| PB 0x0000000703a00000| Untracked |  0
|   7|0x0000000703c00000, 0x0000000703c00000, 0x0000000703e00000|  0%| F|  |TAMS 0x0000000703c00000| PB 0x0000000703c00000| Untracked |  0
|   8|0x0000000703e00000, 0x0000000703e00000, 0x0000000704000000|  0%| F|  |TAMS 0x0000000703e00000| PB 0x0000000703e00000| Untracked |  0
|   9|0x0000000704000000, 0x0000000704000000, 0x0000000704200000|  0%| F|  |TAMS 0x0000000704000000| PB 0x0000000704000000| Untracked |  0
|  10|0x0000000704200000, 0x0000000704200000, 0x0000000704400000|  0%| F|  |TAMS 0x0000000704200000| PB 0x0000000704200000| Untracked |  0
|  11|0x0000000704400000, 0x0000000704400000, 0x0000000704600000|  0%| F|  |TAMS 0x0000000704400000| PB 0x0000000704400000| Untracked |  0
|  12|0x0000000704600000, 0x0000000704600000, 0x0000000704800000|  0%| F|  |TAMS 0x0000000704600000| PB 0x0000000704600000| Untracked |  0
|  13|0x0000000704800000, 0x0000000704800000, 0x0000000704a00000|  0%| F|  |TAMS 0x0000000704800000| PB 0x0000000704800000| Untracked |  0
|  14|0x0000000704a00000, 0x0000000704a00000, 0x0000000704c00000|  0%| F|  |TAMS 0x0000000704a00000| PB 0x0000000704a00000| Untracked |  0
|  15|0x0000000704c00000, 0x0000000704c00000, 0x0000000704e00000|  0%| F|  |TAMS 0x0000000704c00000| PB 0x0000000704c00000| Untracked |  0
|  16|0x0000000704e00000, 0x0000000704e00000, 0x0000000705000000|  0%| F|  |TAMS 0x0000000704e00000| PB 0x0000000704e00000| Untracked |  0
|  17|0x0000000705000000, 0x0000000705000000, 0x0000000705200000|  0%| F|  |TAMS 0x0000000705000000| PB 0x0000000705000000| Untracked |  0
|  18|0x0000000705200000, 0x0000000705200000, 0x0000000705400000|  0%| F|  |TAMS 0x0000000705200000| PB 0x0000000705200000| Untracked |  0
|  19|0x0000000705400000, 0x0000000705400000, 0x0000000705600000|  0%| F|  |TAMS 0x0000000705400000| PB 0x0000000705400000| Untracked |  0
|  20|0x0000000705600000, 0x0000000705600000, 0x0000000705800000|  0%| F|  |TAMS 0x0000000705600000| PB 0x0000000705600000| Untracked |  0
|  21|0x0000000705800000, 0x0000000705800000, 0x0000000705a00000|  0%| F|  |TAMS 0x0000000705800000| PB 0x0000000705800000| Untracked |  0
|  22|0x0000000705a00000, 0x0000000705a00000, 0x0000000705c00000|  0%| F|  |TAMS 0x0000000705a00000| PB 0x0000000705a00000| Untracked |  0
|  23|0x0000000705c00000, 0x0000000705c00000, 0x0000000705e00000|  0%| F|  |TAMS 0x0000000705c00000| PB 0x0000000705c00000| Untracked |  0
|  24|0x0000000705e00000, 0x0000000705e00000, 0x0000000706000000|  0%| F|  |TAMS 0x0000000705e00000| PB 0x0000000705e00000| Untracked |  0
|  25|0x0000000706000000, 0x0000000706000000, 0x0000000706200000|  0%| F|  |TAMS 0x0000000706000000| PB 0x0000000706000000| Untracked |  0
|  26|0x0000000706200000, 0x0000000706200000, 0x0000000706400000|  0%| F|  |TAMS 0x0000000706200000| PB 0x0000000706200000| Untracked |  0
|  27|0x0000000706400000, 0x0000000706400000, 0x0000000706600000|  0%| F|  |TAMS 0x0000000706400000| PB 0x0000000706400000| Untracked |  0
|  28|0x0000000706600000, 0x0000000706600000, 0x0000000706800000|  0%| F|  |TAMS 0x0000000706600000| PB 0x0000000706600000| Untracked |  0
|  29|0x0000000706800000, 0x0000000706800000, 0x0000000706a00000|  0%| F|  |TAMS 0x0000000706800000| PB 0x0000000706800000| Untracked |  0
|  30|0x0000000706a00000, 0x0000000706a00000, 0x0000000706c00000|  0%| F|  |TAMS 0x0000000706a00000| PB 0x0000000706a00000| Untracked |  0
|  31|0x0000000706c00000, 0x0000000706c00000, 0x0000000706e00000|  0%| F|  |TAMS 0x0000000706c00000| PB 0x0000000706c00000| Untracked |  0
|  32|0x0000000706e00000, 0x0000000706e00000, 0x0000000707000000|  0%| F|  |TAMS 0x0000000706e00000| PB 0x0000000706e00000| Untracked |  0
|  33|0x0000000707000000, 0x0000000707000000, 0x0000000707200000|  0%| F|  |TAMS 0x0000000707000000| PB 0x0000000707000000| Untracked |  0
|  34|0x0000000707200000, 0x0000000707200000, 0x0000000707400000|  0%| F|  |TAMS 0x0000000707200000| PB 0x0000000707200000| Untracked |  0
|  35|0x0000000707400000, 0x0000000707400000, 0x0000000707600000|  0%| F|  |TAMS 0x0000000707400000| PB 0x0000000707400000| Untracked |  0
|  36|0x0000000707600000, 0x0000000707600000, 0x0000000707800000|  0%| F|  |TAMS 0x0000000707600000| PB 0x0000000707600000| Untracked |  0
|  37|0x0000000707800000, 0x0000000707800000, 0x0000000707a00000|  0%| F|  |TAMS 0x0000000707800000| PB 0x0000000707800000| Untracked |  0
|  38|0x0000000707a00000, 0x0000000707a00000, 0x0000000707c00000|  0%| F|  |TAMS 0x0000000707a00000| PB 0x0000000707a00000| Untracked |  0
|  39|0x0000000707c00000, 0x0000000707c00000, 0x0000000707e00000|  0%| F|  |TAMS 0x0000000707c00000| PB 0x0000000707c00000| Untracked |  0
|  40|0x0000000707e00000, 0x0000000707e00000, 0x0000000708000000|  0%| F|  |TAMS 0x0000000707e00000| PB 0x0000000707e00000| Untracked |  0
|  41|0x0000000708000000, 0x0000000708000000, 0x0000000708200000|  0%| F|  |TAMS 0x0000000708000000| PB 0x0000000708000000| Untracked |  0
|  42|0x0000000708200000, 0x0000000708200000, 0x0000000708400000|  0%| F|  |TAMS 0x0000000708200000| PB 0x0000000708200000| Untracked |  0
|  43|0x0000000708400000, 0x0000000708400000, 0x0000000708600000|  0%| F|  |TAMS 0x0000000708400000| PB 0x0000000708400000| Untracked |  0
|  44|0x0000000708600000, 0x0000000708600000, 0x0000000708800000|  0%| F|  |TAMS 0x0000000708600000| PB 0x0000000708600000| Untracked |  0
|  45|0x0000000708800000, 0x0000000708800000, 0x0000000708a00000|  0%| F|  |TAMS 0x0000000708800000| PB 0x0000000708800000| Untracked |  0
|  46|0x0000000708a00000, 0x0000000708a00000, 0x0000000708c00000|  0%| F|  |TAMS 0x0000000708a00000| PB 0x0000000708a00000| Untracked |  0
|  47|0x0000000708c00000, 0x0000000708c00000, 0x0000000708e00000|  0%| F|  |TAMS 0x0000000708c00000| PB 0x0000000708c00000| Untracked |  0
|  48|0x0000000708e00000, 0x0000000708e00000, 0x0000000709000000|  0%| F|  |TAMS 0x0000000708e00000| PB 0x0000000708e00000| Untracked |  0
|  49|0x0000000709000000, 0x0000000709000000, 0x0000000709200000|  0%| F|  |TAMS 0x0000000709000000| PB 0x0000000709000000| Untracked |  0
|  50|0x0000000709200000, 0x0000000709200000, 0x0000000709400000|  0%| F|  |TAMS 0x0000000709200000| PB 0x0000000709200000| Untracked |  0
|  51|0x0000000709400000, 0x0000000709400000, 0x0000000709600000|  0%| F|  |TAMS 0x0000000709400000| PB 0x0000000709400000| Untracked |  0
|  52|0x0000000709600000, 0x0000000709600000, 0x0000000709800000|  0%| F|  |TAMS 0x0000000709600000| PB 0x0000000709600000| Untracked |  0
|  53|0x0000000709800000, 0x0000000709800000, 0x0000000709a00000|  0%| F|  |TAMS 0x0000000709800000| PB 0x0000000709800000| Untracked |  0
|  54|0x0000000709a00000, 0x0000000709a00000, 0x0000000709c00000|  0%| F|  |TAMS 0x0000000709a00000| PB 0x0000000709a00000| Untracked |  0
|  55|0x0000000709c00000, 0x0000000709c00000, 0x0000000709e00000|  0%| F|  |TAMS 0x0000000709c00000| PB 0x0000000709c00000| Untracked |  0
|  56|0x0000000709e00000, 0x0000000709e00000, 0x000000070a000000|  0%| F|  |TAMS 0x0000000709e00000| PB 0x0000000709e00000| Untracked |  0
|  57|0x000000070a000000, 0x000000070a000000, 0x000000070a200000|  0%| F|  |TAMS 0x000000070a000000| PB 0x000000070a000000| Untracked |  0
|  58|0x000000070a200000, 0x000000070a200000, 0x000000070a400000|  0%| F|  |TAMS 0x000000070a200000| PB 0x000000070a200000| Untracked |  0
|  59|0x000000070a400000, 0x000000070a400000, 0x000000070a600000|  0%| F|  |TAMS 0x000000070a400000| PB 0x000000070a400000| Untracked |  0
|  60|0x000000070a600000, 0x000000070a600000, 0x000000070a800000|  0%| F|  |TAMS 0x000000070a600000| PB 0x000000070a600000| Untracked |  0
|  61|0x000000070a800000, 0x000000070a800000, 0x000000070aa00000|  0%| F|  |TAMS 0x000000070a800000| PB 0x000000070a800000| Untracked |  0
|  62|0x000000070aa00000, 0x000000070aa00000, 0x000000070ac00000|  0%| F|  |TAMS 0x000000070aa00000| PB 0x000000070aa00000| Untracked |  0
|  63|0x000000070ac00000, 0x000000070ac00000, 0x000000070ae00000|  0%| F|  |TAMS 0x000000070ac00000| PB 0x000000070ac00000| Untracked |  0
|  64|0x000000070ae00000, 0x000000070ae00000, 0x000000070b000000|  0%| F|  |TAMS 0x000000070ae00000| PB 0x000000070ae00000| Untracked |  0
|  65|0x000000070b000000, 0x000000070b000000, 0x000000070b200000|  0%| F|  |TAMS 0x000000070b000000| PB 0x000000070b000000| Untracked |  0
|  66|0x000000070b200000, 0x000000070b200000, 0x000000070b400000|  0%| F|  |TAMS 0x000000070b200000| PB 0x000000070b200000| Untracked |  0
|  67|0x000000070b400000, 0x000000070b400000, 0x000000070b600000|  0%| F|  |TAMS 0x000000070b400000| PB 0x000000070b400000| Untracked |  0
|  68|0x000000070b600000, 0x000000070b600000, 0x000000070b800000|  0%| F|  |TAMS 0x000000070b600000| PB 0x000000070b600000| Untracked |  0
|  69|0x000000070b800000, 0x000000070b800000, 0x000000070ba00000|  0%| F|  |TAMS 0x000000070b800000| PB 0x000000070b800000| Untracked |  0
|  70|0x000000070ba00000, 0x000000070ba00000, 0x000000070bc00000|  0%| F|  |TAMS 0x000000070ba00000| PB 0x000000070ba00000| Untracked |  0
|  71|0x000000070bc00000, 0x000000070bc00000, 0x000000070be00000|  0%| F|  |TAMS 0x000000070bc00000| PB 0x000000070bc00000| Untracked |  0
|  72|0x000000070be00000, 0x000000070be00000, 0x000000070c000000|  0%| F|  |TAMS 0x000000070be00000| PB 0x000000070be00000| Untracked |  0
|  73|0x000000070c000000, 0x000000070c000000, 0x000000070c200000|  0%| F|  |TAMS 0x000000070c000000| PB 0x000000070c000000| Untracked |  0
|  74|0x000000070c200000, 0x000000070c200000, 0x000000070c400000|  0%| F|  |TAMS 0x000000070c200000| PB 0x000000070c200000| Untracked |  0
|  75|0x000000070c400000, 0x000000070c400000, 0x000000070c600000|  0%| F|  |TAMS 0x000000070c400000| PB 0x000000070c400000| Untracked |  0
|  76|0x000000070c600000, 0x000000070c600000, 0x000000070c800000|  0%| F|  |TAMS 0x000000070c600000| PB 0x000000070c600000| Untracked |  0
|  77|0x000000070c800000, 0x000000070c800000, 0x000000070ca00000|  0%| F|  |TAMS 0x000000070c800000| PB 0x000000070c800000| Untracked |  0
|  78|0x000000070ca00000, 0x000000070ca00000, 0x000000070cc00000|  0%| F|  |TAMS 0x000000070ca00000| PB 0x000000070ca00000| Untracked |  0
|  79|0x000000070cc00000, 0x000000070cc00000, 0x000000070ce00000|  0%| F|  |TAMS 0x000000070cc00000| PB 0x000000070cc00000| Untracked |  0
|  80|0x000000070ce00000, 0x000000070ce00000, 0x000000070d000000|  0%| F|  |TAMS 0x000000070ce00000| PB 0x000000070ce00000| Untracked |  0
|  81|0x000000070d000000, 0x000000070d000000, 0x000000070d200000|  0%| F|  |TAMS 0x000000070d000000| PB 0x000000070d000000| Untracked |  0
|  82|0x000000070d200000, 0x000000070d200000, 0x000000070d400000|  0%| F|  |TAMS 0x000000070d200000| PB 0x000000070d200000| Untracked |  0
|  83|0x000000070d400000, 0x000000070d400000, 0x000000070d600000|  0%| F|  |TAMS 0x000000070d400000| PB 0x000000070d400000| Untracked |  0
|  84|0x000000070d600000, 0x000000070d600000, 0x000000070d800000|  0%| F|  |TAMS 0x000000070d600000| PB 0x000000070d600000| Untracked |  0
|  85|0x000000070d800000, 0x000000070d800000, 0x000000070da00000|  0%| F|  |TAMS 0x000000070d800000| PB 0x000000070d800000| Untracked |  0
|  86|0x000000070da00000, 0x000000070da00000, 0x000000070dc00000|  0%| F|  |TAMS 0x000000070da00000| PB 0x000000070da00000| Untracked |  0
|  87|0x000000070dc00000, 0x000000070dc00000, 0x000000070de00000|  0%| F|  |TAMS 0x000000070dc00000| PB 0x000000070dc00000| Untracked |  0
|  88|0x000000070de00000, 0x000000070de00000, 0x000000070e000000|  0%| F|  |TAMS 0x000000070de00000| PB 0x000000070de00000| Untracked |  0
|  89|0x000000070e000000, 0x000000070e000000, 0x000000070e200000|  0%| F|  |TAMS 0x000000070e000000| PB 0x000000070e000000| Untracked |  0
|  90|0x000000070e200000, 0x000000070e200000, 0x000000070e400000|  0%| F|  |TAMS 0x000000070e200000| PB 0x000000070e200000| Untracked |  0
|  91|0x000000070e400000, 0x000000070e400000, 0x000000070e600000|  0%| F|  |TAMS 0x000000070e400000| PB 0x000000070e400000| Untracked |  0
|  92|0x000000070e600000, 0x000000070e600000, 0x000000070e800000|  0%| F|  |TAMS 0x000000070e600000| PB 0x000000070e600000| Untracked |  0
|  93|0x000000070e800000, 0x000000070e800000, 0x000000070ea00000|  0%| F|  |TAMS 0x000000070e800000| PB 0x000000070e800000| Untracked |  0
|  94|0x000000070ea00000, 0x000000070ea00000, 0x000000070ec00000|  0%| F|  |TAMS 0x000000070ea00000| PB 0x000000070ea00000| Untracked |  0
|  95|0x000000070ec00000, 0x000000070ec00000, 0x000000070ee00000|  0%| F|  |TAMS 0x000000070ec00000| PB 0x000000070ec00000| Untracked |  0
|  96|0x000000070ee00000, 0x000000070ee00000, 0x000000070f000000|  0%| F|  |TAMS 0x000000070ee00000| PB 0x000000070ee00000| Untracked |  0
|  97|0x000000070f000000, 0x000000070f000000, 0x000000070f200000|  0%| F|  |TAMS 0x000000070f000000| PB 0x000000070f000000| Untracked |  0
|  98|0x000000070f200000, 0x000000070f200000, 0x000000070f400000|  0%| F|  |TAMS 0x000000070f200000| PB 0x000000070f200000| Untracked |  0
|  99|0x000000070f400000, 0x000000070f400000, 0x000000070f600000|  0%| F|  |TAMS 0x000000070f400000| PB 0x000000070f400000| Untracked |  0
| 100|0x000000070f600000, 0x000000070f600000, 0x000000070f800000|  0%| F|  |TAMS 0x000000070f600000| PB 0x000000070f600000| Untracked |  0
| 101|0x000000070f800000, 0x000000070f800000, 0x000000070fa00000|  0%| F|  |TAMS 0x000000070f800000| PB 0x000000070f800000| Untracked |  0
| 102|0x000000070fa00000, 0x000000070fa00000, 0x000000070fc00000|  0%| F|  |TAMS 0x000000070fa00000| PB 0x000000070fa00000| Untracked |  0
| 103|0x000000070fc00000, 0x000000070fc00000, 0x000000070fe00000|  0%| F|  |TAMS 0x000000070fc00000| PB 0x000000070fc00000| Untracked |  0
| 104|0x000000070fe00000, 0x000000070fe00000, 0x0000000710000000|  0%| F|  |TAMS 0x000000070fe00000| PB 0x000000070fe00000| Untracked |  0
| 105|0x0000000710000000, 0x0000000710000000, 0x0000000710200000|  0%| F|  |TAMS 0x0000000710000000| PB 0x0000000710000000| Untracked |  0
| 106|0x0000000710200000, 0x0000000710200000, 0x0000000710400000|  0%| F|  |TAMS 0x0000000710200000| PB 0x0000000710200000| Untracked |  0
| 107|0x0000000710400000, 0x0000000710400000, 0x0000000710600000|  0%| F|  |TAMS 0x0000000710400000| PB 0x0000000710400000| Untracked |  0
| 108|0x0000000710600000, 0x0000000710600000, 0x0000000710800000|  0%| F|  |TAMS 0x0000000710600000| PB 0x0000000710600000| Untracked |  0
| 109|0x0000000710800000, 0x0000000710800000, 0x0000000710a00000|  0%| F|  |TAMS 0x0000000710800000| PB 0x0000000710800000| Untracked |  0
| 110|0x0000000710a00000, 0x0000000710a00000, 0x0000000710c00000|  0%| F|  |TAMS 0x0000000710a00000| PB 0x0000000710a00000| Untracked |  0
| 111|0x0000000710c00000, 0x0000000710c00000, 0x0000000710e00000|  0%| F|  |TAMS 0x0000000710c00000| PB 0x0000000710c00000| Untracked |  0
| 112|0x0000000710e00000, 0x0000000710ebcfc0, 0x0000000711000000| 36%| S|CS|TAMS 0x0000000710e00000| PB 0x0000000710e00000| Complete |  0
| 113|0x0000000711000000, 0x0000000711000000, 0x0000000711200000|  0%| F|  |TAMS 0x0000000711000000| PB 0x0000000711000000| Untracked |  0
| 114|0x0000000711200000, 0x0000000711200000, 0x0000000711400000|  0%| F|  |TAMS 0x0000000711200000| PB 0x0000000711200000| Untracked |  0
| 115|0x0000000711400000, 0x0000000711600000, 0x0000000711600000|100%| S|CS|TAMS 0x0000000711400000| PB 0x0000000711400000| Complete |  0
| 116|0x0000000711600000, 0x0000000711600000, 0x0000000711800000|  0%| F|  |TAMS 0x0000000711600000| PB 0x0000000711600000| Untracked |  0
| 117|0x0000000711800000, 0x0000000711800000, 0x0000000711a00000|  0%| F|  |TAMS 0x0000000711800000| PB 0x0000000711800000| Untracked |  0
| 118|0x0000000711a00000, 0x0000000711a00000, 0x0000000711c00000|  0%| F|  |TAMS 0x0000000711a00000| PB 0x0000000711a00000| Untracked |  0
| 119|0x0000000711c00000, 0x0000000711c00000, 0x0000000711e00000|  0%| F|  |TAMS 0x0000000711c00000| PB 0x0000000711c00000| Untracked |  0
| 120|0x0000000711e00000, 0x0000000711e00000, 0x0000000712000000|  0%| F|  |TAMS 0x0000000711e00000| PB 0x0000000711e00000| Untracked |  0
| 121|0x0000000712000000, 0x0000000712000000, 0x0000000712200000|  0%| F|  |TAMS 0x0000000712000000| PB 0x0000000712000000| Untracked |  0
| 122|0x0000000712200000, 0x0000000712200000, 0x0000000712400000|  0%| F|  |TAMS 0x0000000712200000| PB 0x0000000712200000| Untracked |  0
| 123|0x0000000712400000, 0x0000000712400000, 0x0000000712600000|  0%| F|  |TAMS 0x0000000712400000| PB 0x0000000712400000| Untracked |  0
| 124|0x0000000712600000, 0x0000000712600000, 0x0000000712800000|  0%| F|  |TAMS 0x0000000712600000| PB 0x0000000712600000| Untracked |  0
| 125|0x0000000712800000, 0x0000000712876e30, 0x0000000712a00000| 23%| E|  |TAMS 0x0000000712800000| PB 0x0000000712800000| Complete |  0
| 126|0x0000000712a00000, 0x0000000712c00000, 0x0000000712c00000|100%| E|  |TAMS 0x0000000712a00000| PB 0x0000000712a00000| Complete |  0

Card table byte_map: [0x00000170fafe0000,0x00000170fb7d0000] _byte_map_base: 0x00000170f77c9000

Marking Bits: (CMBitMap*) 0x00000170fa141620
 Bits: [0x00000170fb7d0000, 0x00000170ff718000)

Polling page: 0x00000170f7e60000

Metaspace:

Usage:
  Non-class:     11.88 MB used.
      Class:      1.73 MB used.
       Both:     13.61 MB used.

Virtual space:
  Non-class space:       64.00 MB reserved,      12.06 MB ( 19%) committed,  1 nodes.
      Class space:        1.00 GB reserved,       1.88 MB ( <1%) committed,  1 nodes.
             Both:        1.06 GB reserved,      13.94 MB (  1%) committed. 

Chunk freelists:
   Non-Class:  3.66 MB
       Class:  14.13 MB
        Both:  17.78 MB

MaxMetaspaceSize: unlimited
CompressedClassSpaceSize: 1.00 GB
Initial GC threshold: 21.00 MB
Current GC threshold: 21.00 MB
CDS: on
 - commit_granule_bytes: 65536.
 - commit_granule_words: 8192.
 - virtual_space_node_default_size: 8388608.
 - enlarge_chunks_in_place: 1.
 - use_allocation_guard: 0.


Internal statistics:

num_allocs_failed_limit: 0.
num_arena_births: 398.
num_arena_deaths: 0.
num_vsnodes_births: 2.
num_vsnodes_deaths: 0.
num_space_committed: 223.
num_space_uncommitted: 0.
num_chunks_returned_to_freelist: 0.
num_chunks_taken_from_freelist: 702.
num_chunk_merges: 0.
num_chunk_splits: 423.
num_chunks_enlarged: 224.
num_inconsistent_stats: 0.

CodeHeap 'non-profiled nmethods': size=120064Kb used=704Kb max_used=704Kb free=119359Kb
 bounds [0x0000017090130000, 0x00000170903a0000, 0x0000017097670000]
CodeHeap 'profiled nmethods': size=120000Kb used=2879Kb max_used=2879Kb free=117120Kb
 bounds [0x0000017088670000, 0x0000017088940000, 0x000001708fba0000]
CodeHeap 'non-nmethods': size=5696Kb used=1596Kb max_used=1617Kb free=4099Kb
 bounds [0x000001708fba0000, 0x000001708fe10000, 0x0000017090130000]
CodeCache: size=245760Kb, used=5179Kb, max_used=5200Kb, free=240578Kb
 total_blobs=2838, nmethods=2171, adapters=572, full_count=0
Compilation: enabled, stopped_count=0, restarted_count=0

Compilation events (20 events):
Event: 7.725 Thread 0x0000017099ac0040 2088       1       java.lang.Module::getName (5 bytes)
Event: 7.725 Thread 0x0000017099ac0040 nmethod 2088 0x00000170901d8f88 code [0x00000170901d90a0, 0x00000170901d9170]
Event: 7.730 Thread 0x0000017099a6fe90 2098 % !   4       java.util.concurrent.ConcurrentHashMap::transfer @ 96 (849 bytes)
Event: 7.732 Thread 0x0000017099ac0040 2099   !   3       java.util.concurrent.ConcurrentHashMap::putVal (432 bytes)
Event: 7.735 Thread 0x0000017099ac0040 nmethod 2099 0x0000017088920e08 code [0x0000017088921100, 0x0000017088922bf0]
Event: 7.750 Thread 0x0000017099ac0040 2102       3       java.util.concurrent.locks.ReentrantLock$Sync::isHeldExclusively (16 bytes)
Event: 7.750 Thread 0x0000017099ac0040 nmethod 2102 0x0000017088922c88 code [0x0000017088922da0, 0x0000017088922f30]
Event: 7.750 Thread 0x0000017099ac0040 2106   !   3       java.lang.ref.NativeReferenceQueue::enqueue (20 bytes)
Event: 7.751 Thread 0x0000017099ac0040 nmethod 2106 0x0000017088922f88 code [0x00000170889230c0, 0x0000017088923390]
Event: 7.751 Thread 0x0000017099ac0040 2107       3       java.lang.ref.NativeReferenceQueue::signal (8 bytes)
Event: 7.751 Thread 0x0000017099ac0040 nmethod 2107 0x0000017088923408 code [0x0000017088923520, 0x0000017088923668]
Event: 7.751 Thread 0x0000017099ac0040 2103   !   3       java.lang.ref.ReferenceQueue::enqueue (32 bytes)
Event: 7.752 Thread 0x0000017099ac0040 nmethod 2103 0x0000017088923708 code [0x00000170889238c0, 0x0000017088924210]
Event: 7.752 Thread 0x0000017099ac0040 2104       3       java.lang.ref.ReferenceQueue::signal (10 bytes)
Event: 7.752 Thread 0x0000017099ac0040 nmethod 2104 0x0000017088924288 code [0x00000170889243e0, 0x00000170889247f0]
Event: 7.752 Thread 0x0000017099ac0040 2105       3       java.util.concurrent.locks.AbstractQueuedSynchronizer$ConditionObject::signalAll (34 bytes)
Event: 7.752 Thread 0x0000017099ac0040 nmethod 2105 0x0000017088924888 code [0x00000170889249e0, 0x0000017088924d30]
Event: 7.755 Thread 0x0000017099ac0040 2108   !   3       java.util.concurrent.ConcurrentHashMap::replaceNode (437 bytes)
Event: 7.757 Thread 0x0000017099ac0040 nmethod 2108 0x0000017088924d88 code [0x0000017088925060, 0x0000017088926840]
Event: 7.967 Thread 0x0000017099ac0040 2112       3       java.util.concurrent.atomic.AtomicBoolean::get (13 bytes)

GC Heap History (4 events):
Event: 2.983 GC heap before
{Heap before GC invocations=0 (full 0):
 garbage-first heap   total reserved 4147200K, committed 260096K, used 22528K [0x0000000702e00000, 0x0000000800000000)
  region size 2048K, 12 young (24576K), 0 survivors (0K)
 Metaspace       used 6946K, committed 7168K, reserved 1114112K
  class space    used 811K, committed 896K, reserved 1048576K
}
Event: 2.992 GC heap after
{Heap after GC invocations=1 (full 0):
 garbage-first heap   total reserved 4147200K, committed 260096K, used 4282K [0x0000000702e00000, 0x0000000800000000)
  region size 2048K, 2 young (4096K), 2 survivors (4096K)
 Metaspace       used 6946K, committed 7168K, reserved 1114112K
  class space    used 811K, committed 896K, reserved 1048576K
}
Event: 7.742 GC heap before
{Heap before GC invocations=1 (full 0):
 garbage-first heap   total reserved 4147200K, committed 260096K, used 24762K [0x0000000702e00000, 0x0000000800000000)
  region size 2048K, 13 young (26624K), 2 survivors (4096K)
 Metaspace       used 13592K, committed 13888K, reserved 1114112K
  class space    used 1703K, committed 1856K, reserved 1048576K
}
Event: 7.750 GC heap after
{Heap after GC invocations=2 (full 0):
 garbage-first heap   total reserved 4147200K, committed 260096K, used 6979K [0x0000000702e00000, 0x0000000800000000)
  region size 2048K, 2 young (4096K), 2 survivors (4096K)
 Metaspace       used 13592K, committed 13888K, reserved 1114112K
  class space    used 1703K, committed 1856K, reserved 1048576K
}

Dll operation events (20 events):
Event: 0.869 Loaded shared library C:\Users\husse\.openjfx\cache\21+31\amd64\api-ms-win-crt-filesystem-l1-1-0.dll
Event: 0.874 Loaded shared library C:\Users\husse\.openjfx\cache\21+31\amd64\api-ms-win-crt-heap-l1-1-0.dll
Event: 0.879 Loaded shared library C:\Users\husse\.openjfx\cache\21+31\amd64\api-ms-win-crt-locale-l1-1-0.dll
Event: 0.884 Loaded shared library C:\Users\husse\.openjfx\cache\21+31\amd64\api-ms-win-crt-math-l1-1-0.dll
Event: 0.888 Loaded shared library C:\Users\husse\.openjfx\cache\21+31\amd64\api-ms-win-crt-multibyte-l1-1-0.dll
Event: 0.892 Loaded shared library C:\Users\husse\.openjfx\cache\21+31\amd64\api-ms-win-crt-private-l1-1-0.dll
Event: 1.898 Loaded shared library C:\Users\husse\.openjfx\cache\21+31\amd64\api-ms-win-crt-process-l1-1-0.dll
Event: 1.904 Loaded shared library C:\Users\husse\.openjfx\cache\21+31\amd64\api-ms-win-crt-runtime-l1-1-0.dll
Event: 1.909 Loaded shared library C:\Users\husse\.openjfx\cache\21+31\amd64\api-ms-win-crt-stdio-l1-1-0.dll
Event: 1.914 Loaded shared library C:\Users\husse\.openjfx\cache\21+31\amd64\api-ms-win-crt-string-l1-1-0.dll
Event: 1.919 Loaded shared library C:\Users\husse\.openjfx\cache\21+31\amd64\api-ms-win-crt-time-l1-1-0.dll
Event: 1.924 Loaded shared library C:\Users\husse\.openjfx\cache\21+31\amd64\api-ms-win-crt-utility-l1-1-0.dll
Event: 1.949 Loaded shared library C:\Users\husse\.openjfx\cache\21+31\amd64\ucrtbase.dll
Event: 1.955 Loaded shared library C:\Users\husse\.openjfx\cache\21+31\amd64\vcruntime140.dll
Event: 1.960 Loaded shared library C:\Users\husse\.openjfx\cache\21+31\amd64\vcruntime140_1.dll
Event: 1.971 Loaded shared library C:\Users\husse\.openjfx\cache\21+31\amd64\msvcp140.dll
Event: 1.974 Loaded shared library C:\Users\husse\.openjfx\cache\21+31\amd64\msvcp140_1.dll
Event: 1.981 Loaded shared library C:\Users\husse\.openjfx\cache\21+31\amd64\msvcp140_2.dll
Event: 3.035 Loaded shared library C:\Users\husse\.openjfx\cache\21+31\amd64\prism_d3d.dll
Event: 3.181 Loaded shared library C:\Users\husse\.openjfx\cache\21+31\amd64\glass.dll

Deoptimization events (20 events):
Event: 6.352 Thread 0x00000170e01ab240 DEOPT PACKING pc=0x00000170901c5a30 sp=0x0000006042cfdfa0
Event: 6.352 Thread 0x00000170e01ab240 DEOPT UNPACKING pc=0x000001708fbf4402 sp=0x0000006042cfdf60 mode 2
Event: 6.353 Thread 0x00000170e01ab240 Uncommon trap: trap_request=0xffffffbe fr.pc=0x00000170901c5a30 relative=0x00000000000004d0
Event: 6.353 Thread 0x00000170e01ab240 Uncommon trap: reason=profile_predicate action=maybe_recompile pc=0x00000170901c5a30 method=java.util.regex.Pattern$Start.match(Ljava/util/regex/Matcher;ILjava/lang/CharSequence;)Z @ 34 c2
Event: 6.353 Thread 0x00000170e01ab240 DEOPT PACKING pc=0x00000170901c5a30 sp=0x0000006042cfdfa0
Event: 6.353 Thread 0x00000170e01ab240 DEOPT UNPACKING pc=0x000001708fbf4402 sp=0x0000006042cfdf60 mode 2
Event: 7.649 Thread 0x00000170e01ab240 DEOPT PACKING pc=0x00000170888ed0c1 sp=0x0000006042cf95b0
Event: 7.649 Thread 0x00000170e01ab240 DEOPT UNPACKING pc=0x000001708fbf4b22 sp=0x0000006042cf8a20 mode 0
Event: 7.679 Thread 0x00000170e01ab240 Uncommon trap: trap_request=0xffffff76 fr.pc=0x000001709016336c relative=0x00000000000001ac
Event: 7.679 Thread 0x00000170e01ab240 Uncommon trap: reason=predicate action=maybe_recompile pc=0x000001709016336c method=java.util.regex.Pattern$BmpCharPropertyGreedy.match(Ljava/util/regex/Matcher;ILjava/lang/CharSequence;)Z @ 12 c2
Event: 7.679 Thread 0x00000170e01ab240 DEOPT PACKING pc=0x000001709016336c sp=0x0000006042cfe070
Event: 7.679 Thread 0x00000170e01ab240 DEOPT UNPACKING pc=0x000001708fbf4402 sp=0x0000006042cfe028 mode 2
Event: 7.696 Thread 0x00000170e01ab240 Uncommon trap: trap_request=0xffffff45 fr.pc=0x0000017090159790 relative=0x00000000000000f0
Event: 7.696 Thread 0x00000170e01ab240 Uncommon trap: reason=unstable_if action=reinterpret pc=0x0000017090159790 method=java.util.HashMap.hash(Ljava/lang/Object;)I @ 1 c2
Event: 7.696 Thread 0x00000170e01ab240 DEOPT PACKING pc=0x0000017090159790 sp=0x0000006042cfc0b0
Event: 7.696 Thread 0x00000170e01ab240 DEOPT UNPACKING pc=0x000001708fbf4402 sp=0x0000006042cfbff0 mode 2
Event: 7.698 Thread 0x00000170e01ab240 Uncommon trap: trap_request=0xffffff45 fr.pc=0x00000170901c7d48 relative=0x0000000000000e68
Event: 7.698 Thread 0x00000170e01ab240 Uncommon trap: reason=unstable_if action=reinterpret pc=0x00000170901c7d48 method=java.util.concurrent.ConcurrentHashMap.putVal(Ljava/lang/Object;Ljava/lang/Object;Z)Ljava/lang/Object; @ 256 c2
Event: 7.698 Thread 0x00000170e01ab240 DEOPT PACKING pc=0x00000170901c7d48 sp=0x0000006042cfd9d0
Event: 7.698 Thread 0x00000170e01ab240 DEOPT UNPACKING pc=0x000001708fbf4402 sp=0x0000006042cfd938 mode 2

Classes loaded (20 events):
Event: 7.706 Loading class sun/util/logging/resources/logging
Event: 7.706 Loading class sun/util/logging/resources/logging done
Event: 7.706 Loading class java/util/ResourceBundle$BundleReference
Event: 7.706 Loading class java/util/ResourceBundle$BundleReference done
Event: 7.706 Loading class sun/util/logging/resources/logging_en
Event: 7.706 Loading class sun/util/logging/resources/logging_en done
Event: 7.706 Loading class sun/util/logging/resources/logging_en
Event: 7.706 Loading class sun/util/logging/resources/logging_en done
Event: 7.707 Loading class sun/util/logging/resources/logging_en_US
Event: 7.707 Loading class sun/util/logging/resources/logging_en_US done
Event: 7.707 Loading class sun/util/logging/resources/logging_en_US
Event: 7.707 Loading class sun/util/logging/resources/logging_en_US done
Event: 7.708 Loading class java/util/Formatter$FormatSpecifierParser
Event: 7.708 Loading class java/util/Formatter$FormatSpecifierParser done
Event: 7.708 Loading class java/util/Formatter$DateTime
Event: 7.708 Loading class java/util/Formatter$DateTime done
Event: 7.708 Loading class java/time/ZonedDateTime$1
Event: 7.708 Loading class java/time/ZonedDateTime$1 done
Event: 7.718 Loading class java/lang/reflect/UndeclaredThrowableException
Event: 7.719 Loading class java/lang/reflect/UndeclaredThrowableException done

Classes unloaded (0 events):
No events

Classes redefined (0 events):
No events

Internal exceptions (20 events):
Event: 3.068 Thread 0x0000017099a6b010 Exception <a 'java/lang/ClassNotFoundException'{0x0000000712910840}: javax/management/remote/rmi/RMIConnectionImpl_Skel> (0x0000000712910840) 
thrown [s\open\src\hotspot\share\classfile\systemDictionary.cpp, line 313]
Event: 3.075 Thread 0x00000170e01aa520 Exception <a 'java/lang/NoSuchMethodError'{0x000000071297a760}: 'java.lang.Object java.lang.invoke.Invokers$Holder.linkToTargetMethod(java.lang.Object, long, java.lang.Object)'> (0x000000071297a760) 
thrown [s\open\src\hotspot\share\interpreter\linkResolver.cpp, line 796]
Event: 3.081 Thread 0x0000017099a6b010 Exception <a 'java/lang/NoSuchMethodError'{0x000000071299d490}: 'int java.lang.invoke.DelegatingMethodHandle$Holder.reinvoke_L(java.lang.Object, java.lang.Object, java.lang.Object, java.lang.Object, java.lang.Object)'> (0x000000071299d490) 
thrown [s\open\src\hotspot\share\interpreter\linkResolver.cpp, line 796]
Event: 3.085 Thread 0x0000017099a6b010 Exception <a 'java/lang/NoSuchMethodError'{0x00000007129b9148}: 'java.lang.Object java.lang.invoke.DirectMethodHandle$Holder.invokeInterface(java.lang.Object, java.lang.Object, java.lang.Object, java.lang.Object, java.lang.Object)'> (0x00000007129b9148) 
thrown [s\open\src\hotspot\share\interpreter\linkResolver.cpp, line 796]
Event: 3.092 Thread 0x0000017099a6b010 Exception <a 'java/lang/NoSuchMethodError'{0x00000007129dc8e8}: 'double java.lang.invoke.DirectMethodHandle$Holder.invokeInterface(java.lang.Object, java.lang.Object)'> (0x00000007129dc8e8) 
thrown [s\open\src\hotspot\share\interpreter\linkResolver.cpp, line 796]
Event: 3.093 Thread 0x0000017099a6b010 Exception <a 'java/lang/NoSuchMethodError'{0x00000007129e42b8}: 'double java.lang.invoke.DelegatingMethodHandle$Holder.reinvoke_L(java.lang.Object, java.lang.Object)'> (0x00000007129e42b8) 
thrown [s\open\src\hotspot\share\interpreter\linkResolver.cpp, line 796]
Event: 3.150 Thread 0x00000170fa0de360 Exception <a 'java/lang/NoSuchMethodError'{0x000000071282e350}: 'int java.lang.invoke.DirectMethodHandle$Holder.invokeStaticInit(java.lang.Object, java.lang.Object, java.lang.Object)'> (0x000000071282e350) 
thrown [s\open\src\hotspot\share\interpreter\linkResolver.cpp, line 796]
Event: 3.187 Thread 0x00000170fa0de360 Exception <a 'java/lang/NoSuchMethodError'{0x00000007127222f0}: 'java.lang.Object java.lang.invoke.DirectMethodHandle$Holder.newInvokeSpecial(java.lang.Object, java.lang.Object, int, java.lang.Object)'> (0x00000007127222f0) 
thrown [s\open\src\hotspot\share\interpreter\linkResolver.cpp, line 796]
Event: 3.187 Thread 0x00000170fa0de360 Exception <a 'java/lang/NoSuchMethodError'{0x0000000712726540}: 'java.lang.Object java.lang.invoke.DirectMethodHandle$Holder.invokeSpecial(java.lang.Object, java.lang.Object, java.lang.Object, int, java.lang.Object)'> (0x0000000712726540) 
thrown [s\open\src\hotspot\share\interpreter\linkResolver.cpp, line 796]
Event: 6.089 Thread 0x00000170e01ab240 Exception <a 'java/lang/NoSuchMethodError'{0x00000007125f2048}: 'void java.lang.invoke.DirectMethodHandle$Holder.invokeStaticInit(java.lang.Object)'> (0x00000007125f2048) 
thrown [s\open\src\hotspot\share\interpreter\linkResolver.cpp, line 796]
Event: 6.092 Thread 0x00000170fa0de360 Exception <a 'java/lang/NoSuchMethodError'{0x0000000712736108}: 'java.lang.Object java.lang.invoke.DirectMethodHandle$Holder.newInvokeSpecial(java.lang.Object, java.lang.Object, java.lang.Object, java.lang.Object, java.lang.Object, java.lang.Object)'> (0x0000000712736108) 
thrown [s\open\src\hotspot\share\interpreter\linkResolver.cpp, line 796]
Event: 6.144 Thread 0x0000017099a6b010 Exception <a 'java/lang/NoSuchMethodError'{0x00000007120f0788}: 'long java.lang.invoke.DirectMethodHandle$Holder.invokeVirtual(java.lang.Object, java.lang.Object)'> (0x00000007120f0788) 
thrown [s\open\src\hotspot\share\interpreter\linkResolver.cpp, line 796]
Event: 6.144 Thread 0x0000017099a6b010 Exception <a 'java/lang/NoSuchMethodError'{0x00000007120f3d80}: 'long java.lang.invoke.DelegatingMethodHandle$Holder.reinvoke_L(java.lang.Object, java.lang.Object)'> (0x00000007120f3d80) 
thrown [s\open\src\hotspot\share\interpreter\linkResolver.cpp, line 796]
Event: 6.522 Thread 0x00000170e01ab240 Exception <a 'sun/nio/fs/WindowsException'{0x0000000711a2fd38}> (0x0000000711a2fd38) 
thrown [s\open\src\hotspot\share\prims\jni.cpp, line 520]
Event: 7.671 Thread 0x00000170e01ab240 Exception <a 'java/lang/NoSuchMethodError'{0x00000007119bf2f0}: 'java.lang.Object java.lang.invoke.DirectMethodHandle$Holder.invokeStaticInit(java.lang.Object, java.lang.Object, java.lang.Object, java.lang.Object)'> (0x00000007119bf2f0) 
thrown [s\open\src\hotspot\share\interpreter\linkResolver.cpp, line 796]
Event: 7.671 Thread 0x00000170e01ab240 Exception <a 'java/lang/NullPointerException'{0x00000007119cc000}> (0x00000007119cc000) 
thrown [s\open\src\hotspot\share\interpreter\linkResolver.cpp, line 1389]
Event: 7.688 Thread 0x00000170e01ab240 Exception <a 'sun/nio/fs/WindowsException'{0x0000000711698018}> (0x0000000711698018) 
thrown [s\open\src\hotspot\share\prims\jni.cpp, line 520]
Event: 7.696 Thread 0x00000170e01ab240 Implicit null exception at 0x00000170901596d6 to 0x0000017090159786
Event: 7.700 Thread 0x00000170e01ab240 Exception <a 'java/lang/NoSuchMethodError'{0x00000007116b2df0}: 'java.lang.Object java.lang.invoke.DirectMethodHandle$Holder.invokeStatic(java.lang.Object, int, java.lang.Object)'> (0x00000007116b2df0) 
thrown [s\open\src\hotspot\share\interpreter\linkResolver.cpp, line 796]
Event: 7.706 Thread 0x00000170e01ab240 Exception <a 'java/lang/ClassNotFoundException'{0x00000007116c4ae0}: sun/util/logging/resources/spi/loggingProvider> (0x00000007116c4ae0) 
thrown [s\open\src\hotspot\share\classfile\systemDictionary.cpp, line 313]

VM Operations (20 events):
Event: 0.604 Executing VM operation: HandshakeAllThreads (Deoptimize)
Event: 0.604 Executing VM operation: HandshakeAllThreads (Deoptimize) done
Event: 0.604 Executing VM operation: HandshakeAllThreads (Deoptimize)
Event: 0.604 Executing VM operation: HandshakeAllThreads (Deoptimize) done
Event: 0.642 Executing VM operation: HandshakeAllThreads (Deoptimize)
Event: 0.642 Executing VM operation: HandshakeAllThreads (Deoptimize) done
Event: 2.983 Executing VM operation: G1CollectForAllocation (G1 Evacuation Pause)
Event: 2.992 Executing VM operation: G1CollectForAllocation (G1 Evacuation Pause) done
Event: 3.064 Executing VM operation: HandshakeAllThreads (Deoptimize)
Event: 3.066 Executing VM operation: HandshakeAllThreads (Deoptimize) done
Event: 3.165 Executing VM operation: HandshakeAllThreads (Deoptimize)
Event: 3.165 Executing VM operation: HandshakeAllThreads (Deoptimize) done
Event: 6.265 Executing VM operation: HandshakeAllThreads (Deoptimize)
Event: 6.265 Executing VM operation: HandshakeAllThreads (Deoptimize) done
Event: 6.314 Executing VM operation: HandshakeAllThreads (Deoptimize)
Event: 6.314 Executing VM operation: HandshakeAllThreads (Deoptimize) done
Event: 7.535 Executing VM operation: HandshakeAllThreads (Deoptimize)
Event: 7.535 Executing VM operation: HandshakeAllThreads (Deoptimize) done
Event: 7.742 Executing VM operation: G1CollectForAllocation (G1 Evacuation Pause)
Event: 7.750 Executing VM operation: G1CollectForAllocation (G1 Evacuation Pause) done

Memory protections (0 events):
No events

Nmethod flushes (0 events):
No events

Events (20 events):
Event: 0.342 Thread 0x0000017099bcc960 Thread exited: 0x0000017099bcc960
Event: 0.342 Thread 0x0000017099c94430 Thread exited: 0x0000017099c94430
Event: 0.481 Thread 0x0000017099ac0040 Thread added: 0x00000170df05f030
Event: 0.498 Thread 0x0000017099ac0040 Thread added: 0x00000170df0173b0
Event: 0.584 Thread 0x00000170fa0de360 Thread added: 0x0000017099a6a2f0
Event: 0.584 Thread 0x00000170fa0de360 Thread added: 0x0000017099a68220
Event: 2.963 Thread 0x00000170df0173b0 Thread exited: 0x00000170df0173b0
Event: 2.963 Thread 0x00000170df05f030 Thread exited: 0x00000170df05f030
Event: 2.972 Thread 0x0000017099a688b0 Thread added: 0x0000017099a6a980
Event: 3.006 Thread 0x0000017099a6a980 Thread added: 0x0000017099a6b010
Event: 3.016 Thread 0x00000170fa0de360 Thread added: 0x0000017099a67b90
Event: 3.051 Thread 0x0000017099a6b010 Thread added: 0x00000170e01a9e90
Event: 3.061 Thread 0x0000017099a6b010 Thread added: 0x00000170e01aa520
Event: 3.184 Thread 0x00000170fa0de360 Thread added: 0x00000170e01aabb0
Event: 3.189 Thread 0x00000170fa0de360 Thread added: 0x00000170e01ab240
Event: 6.105 Thread 0x00000170fa0de360 Thread added: 0x00000170e01a9170
Event: 6.113 Thread 0x00000170e01ab8d0 Thread added: 0x00000170e01ab8d0
Event: 6.298 Thread 0x0000017099ac0040 Thread added: 0x0000017099dfdbd0
Event: 7.514 Thread 0x0000017099dfdbd0 Thread exited: 0x0000017099dfdbd0
Event: 7.686 Thread 0x0000017099ac0040 Thread added: 0x0000017099dfdbd0


Dynamic libraries:
0x00007ff6dc640000 - 0x00007ff6dc650000 	C:\Program Files\Java\jdk-23\bin\java.exe
0x00007ff919680000 - 0x00007ff9198e3000 	C:\WINDOWS\SYSTEM32\ntdll.dll
0x00007ff8cfa10000 - 0x00007ff8cfa2a000 	C:\Program Files\Avast Software\Avast\aswhook.dll
0x00007ff917b60000 - 0x00007ff917c28000 	C:\WINDOWS\System32\KERNEL32.DLL
0x00007ff916a50000 - 0x00007ff916e02000 	C:\WINDOWS\System32\KERNELBASE.dll
0x00007ff9171b0000 - 0x00007ff9172fb000 	C:\WINDOWS\System32\ucrtbase.dll
0x00007ff9114f0000 - 0x00007ff91150b000 	C:\Program Files\Java\jdk-23\bin\VCRUNTIME140.dll
0x00007ff911510000 - 0x00007ff911527000 	C:\Program Files\Java\jdk-23\bin\jli.dll
0x00007ff918190000 - 0x00007ff918358000 	C:\WINDOWS\System32\USER32.dll
0x00007ff8fb710000 - 0x00007ff8fb9a0000 	C:\WINDOWS\WinSxS\amd64_microsoft.windows.common-controls_6595b64144ccf1df_6.0.26100.2454_none_3e0b68a2e331ad60\COMCTL32.dll
0x00007ff917180000 - 0x00007ff9171a7000 	C:\WINDOWS\System32\win32u.dll
0x00007ff918850000 - 0x00007ff9188f9000 	C:\WINDOWS\System32\msvcrt.dll
0x00007ff9187c0000 - 0x00007ff9187ea000 	C:\WINDOWS\System32\GDI32.dll
0x00007ff916e10000 - 0x00007ff916f3b000 	C:\WINDOWS\System32\gdi32full.dll
0x00007ff917430000 - 0x00007ff9174d3000 	C:\WINDOWS\System32\msvcp_win.dll
0x00007ff9186b0000 - 0x00007ff9186df000 	C:\WINDOWS\System32\IMM32.DLL
0x00007ff913370000 - 0x00007ff91337c000 	C:\Program Files\Java\jdk-23\bin\vcruntime140_1.dll
0x00007ff8f7750000 - 0x00007ff8f77de000 	C:\Program Files\Java\jdk-23\bin\msvcp140.dll
0x00007ff89af70000 - 0x00007ff89bcbf000 	C:\Program Files\Java\jdk-23\bin\server\jvm.dll
0x00007ff918700000 - 0x00007ff9187b4000 	C:\WINDOWS\System32\ADVAPI32.dll
0x00007ff917ea0000 - 0x00007ff917f46000 	C:\WINDOWS\System32\sechost.dll
0x00007ff9194a0000 - 0x00007ff9195b6000 	C:\WINDOWS\System32\RPCRT4.dll
0x00007ff9174e0000 - 0x00007ff917554000 	C:\WINDOWS\System32\WS2_32.dll
0x00007ff915720000 - 0x00007ff91576e000 	C:\WINDOWS\SYSTEM32\POWRPROF.dll
0x00007ff902820000 - 0x00007ff902856000 	C:\WINDOWS\SYSTEM32\WINMM.dll
0x00007ff90def0000 - 0x00007ff90defb000 	C:\WINDOWS\SYSTEM32\VERSION.dll
0x00007ff915700000 - 0x00007ff915714000 	C:\WINDOWS\SYSTEM32\UMPDC.dll
0x00007ff9159a0000 - 0x00007ff9159ba000 	C:\WINDOWS\SYSTEM32\kernel.appcore.dll
0x00007ff9114e0000 - 0x00007ff9114ea000 	C:\Program Files\Java\jdk-23\bin\jimage.dll
0x00007ff914340000 - 0x00007ff914581000 	C:\WINDOWS\SYSTEM32\DBGHELP.DLL
0x00007ff917560000 - 0x00007ff9178de000 	C:\WINDOWS\System32\combase.dll
0x00007ff9180b0000 - 0x00007ff918186000 	C:\WINDOWS\System32\OLEAUT32.dll
0x00007ff906f40000 - 0x00007ff906f79000 	C:\WINDOWS\SYSTEM32\dbgcore.DLL
0x00007ff917300000 - 0x00007ff917399000 	C:\WINDOWS\System32\bcryptPrimitives.dll
0x00007ff9114a0000 - 0x00007ff9114af000 	C:\Program Files\Java\jdk-23\bin\instrument.dll
0x00007ff9114c0000 - 0x00007ff9114de000 	C:\Program Files\Java\jdk-23\bin\java.dll
0x00007ff918450000 - 0x00007ff9185e9000 	C:\WINDOWS\System32\ole32.dll
0x00007ff918900000 - 0x00007ff919000000 	C:\WINDOWS\System32\SHELL32.dll
0x00007ff9147a0000 - 0x00007ff914fd1000 	C:\WINDOWS\SYSTEM32\windows.storage.dll
0x00007ff917fd0000 - 0x00007ff9180aa000 	C:\WINDOWS\System32\SHCORE.dll
0x00007ff917c30000 - 0x00007ff917c8d000 	C:\WINDOWS\System32\shlwapi.dll
0x00007ff916960000 - 0x00007ff91698e000 	C:\WINDOWS\SYSTEM32\profapi.dll
0x00007ff8dd480000 - 0x00007ff8dd557000 	C:\Program Files\Java\jdk-23\bin\jsvml.dll
0x00007ff911490000 - 0x00007ff9114a0000 	C:\Program Files\Java\jdk-23\bin\net.dll
0x00007ff915ea0000 - 0x00007ff915f08000 	C:\WINDOWS\system32\mswsock.dll
0x00007ff911440000 - 0x00007ff911456000 	C:\Program Files\Java\jdk-23\bin\nio.dll
0x00007ff911420000 - 0x00007ff911437000 	C:\Program Files\Java\jdk-23\bin\zip.dll
0x00007ff9018d0000 - 0x00007ff9018ea000 	C:\Program Files\JetBrains\IntelliJ IDEA 2024.3.1\bin\breakgen64.dll
0x00007ff915450000 - 0x00007ff915575000 	C:\WINDOWS\SYSTEM32\DNSAPI.dll
0x00007ff915410000 - 0x00007ff915442000 	C:\WINDOWS\SYSTEM32\IPHLPAPI.DLL
0x00007ff9186f0000 - 0x00007ff9186fa000 	C:\WINDOWS\System32\NSI.dll
0x00007ff90e330000 - 0x00007ff90e33b000 	C:\Windows\System32\rasadhlp.dll
0x00007ff9106e0000 - 0x00007ff910765000 	C:\WINDOWS\System32\fwpuclnt.dll
0x00007ff90e660000 - 0x00007ff90e66a000 	C:\Program Files\Java\jdk-23\bin\management.dll
0x00007ff904f20000 - 0x00007ff904f2b000 	C:\Program Files\Java\jdk-23\bin\management_ext.dll
0x00007ff917b20000 - 0x00007ff917b28000 	C:\WINDOWS\System32\PSAPI.DLL
0x0000017099eb0000 - 0x0000017099eb3000 	C:\Users\husse\.openjfx\cache\21+31\amd64\api-ms-win-core-console-l1-1-0.dll
0x0000017099ec0000 - 0x0000017099ec3000 	C:\Users\husse\.openjfx\cache\21+31\amd64\api-ms-win-core-console-l1-2-0.dll
0x0000017099ed0000 - 0x0000017099ed3000 	C:\Users\husse\.openjfx\cache\21+31\amd64\api-ms-win-core-datetime-l1-1-0.dll
0x0000017099ee0000 - 0x0000017099ee3000 	C:\Users\husse\.openjfx\cache\21+31\amd64\api-ms-win-core-debug-l1-1-0.dll
0x0000017099ef0000 - 0x0000017099ef3000 	C:\Users\husse\.openjfx\cache\21+31\amd64\api-ms-win-core-errorhandling-l1-1-0.dll
0x0000017099f00000 - 0x0000017099f04000 	C:\Users\husse\.openjfx\cache\21+31\amd64\api-ms-win-core-file-l1-1-0.dll
0x0000017099f10000 - 0x0000017099f13000 	C:\Users\husse\.openjfx\cache\21+31\amd64\api-ms-win-core-file-l1-2-0.dll
0x0000017099f20000 - 0x0000017099f23000 	C:\Users\husse\.openjfx\cache\21+31\amd64\api-ms-win-core-file-l2-1-0.dll
0x0000017099f30000 - 0x0000017099f33000 	C:\Users\husse\.openjfx\cache\21+31\amd64\api-ms-win-core-handle-l1-1-0.dll
0x0000017099f40000 - 0x0000017099f43000 	C:\Users\husse\.openjfx\cache\21+31\amd64\api-ms-win-core-heap-l1-1-0.dll
0x0000017099f50000 - 0x0000017099f53000 	C:\Users\husse\.openjfx\cache\21+31\amd64\api-ms-win-core-interlocked-l1-1-0.dll
0x0000017099f60000 - 0x0000017099f63000 	C:\Users\husse\.openjfx\cache\21+31\amd64\api-ms-win-core-libraryloader-l1-1-0.dll
0x0000017099f70000 - 0x0000017099f73000 	C:\Users\husse\.openjfx\cache\21+31\amd64\api-ms-win-core-localization-l1-2-0.dll
0x0000017099f80000 - 0x0000017099f83000 	C:\Users\husse\.openjfx\cache\21+31\amd64\api-ms-win-core-memory-l1-1-0.dll
0x0000017099f90000 - 0x0000017099f93000 	C:\Users\husse\.openjfx\cache\21+31\amd64\api-ms-win-core-namedpipe-l1-1-0.dll
0x0000017099fa0000 - 0x0000017099fa3000 	C:\Users\husse\.openjfx\cache\21+31\amd64\api-ms-win-core-processenvironment-l1-1-0.dll
0x0000017099fb0000 - 0x0000017099fb3000 	C:\Users\husse\.openjfx\cache\21+31\amd64\api-ms-win-core-processthreads-l1-1-0.dll
0x0000017099fc0000 - 0x0000017099fc3000 	C:\Users\husse\.openjfx\cache\21+31\amd64\api-ms-win-core-processthreads-l1-1-1.dll
0x0000017099fd0000 - 0x0000017099fd3000 	C:\Users\husse\.openjfx\cache\21+31\amd64\api-ms-win-core-profile-l1-1-0.dll
0x0000017099fe0000 - 0x0000017099fe3000 	C:\Users\husse\.openjfx\cache\21+31\amd64\api-ms-win-core-rtlsupport-l1-1-0.dll
0x0000017099ff0000 - 0x0000017099ff3000 	C:\Users\husse\.openjfx\cache\21+31\amd64\api-ms-win-core-string-l1-1-0.dll
0x00000170e0b10000 - 0x00000170e0b13000 	C:\Users\husse\.openjfx\cache\21+31\amd64\api-ms-win-core-synch-l1-1-0.dll
0x00000170e0b20000 - 0x00000170e0b23000 	C:\Users\husse\.openjfx\cache\21+31\amd64\api-ms-win-core-synch-l1-2-0.dll
0x00000170e0b30000 - 0x00000170e0b33000 	C:\Users\husse\.openjfx\cache\21+31\amd64\api-ms-win-core-sysinfo-l1-1-0.dll
0x00000170e0b40000 - 0x00000170e0b43000 	C:\Users\husse\.openjfx\cache\21+31\amd64\api-ms-win-core-timezone-l1-1-0.dll
0x00000170e0b50000 - 0x00000170e0b53000 	C:\Users\husse\.openjfx\cache\21+31\amd64\api-ms-win-core-util-l1-1-0.dll
0x00000170e0b60000 - 0x00000170e0b63000 	C:\Users\husse\.openjfx\cache\21+31\amd64\api-ms-win-crt-conio-l1-1-0.dll
0x00000170e0b70000 - 0x00000170e0b74000 	C:\Users\husse\.openjfx\cache\21+31\amd64\api-ms-win-crt-convert-l1-1-0.dll
0x00000170e0b80000 - 0x00000170e0b83000 	C:\Users\husse\.openjfx\cache\21+31\amd64\api-ms-win-crt-environment-l1-1-0.dll
0x00000170e0b90000 - 0x00000170e0b93000 	C:\Users\husse\.openjfx\cache\21+31\amd64\api-ms-win-crt-filesystem-l1-1-0.dll
0x00000170e0ba0000 - 0x00000170e0ba3000 	C:\Users\husse\.openjfx\cache\21+31\amd64\api-ms-win-crt-heap-l1-1-0.dll
0x00000170e0bb0000 - 0x00000170e0bb3000 	C:\Users\husse\.openjfx\cache\21+31\amd64\api-ms-win-crt-locale-l1-1-0.dll
0x00000170e0bc0000 - 0x00000170e0bc5000 	C:\Users\husse\.openjfx\cache\21+31\amd64\api-ms-win-crt-math-l1-1-0.dll
0x00000170e0bd0000 - 0x00000170e0bd5000 	C:\Users\husse\.openjfx\cache\21+31\amd64\api-ms-win-crt-multibyte-l1-1-0.dll
0x00000170e0be0000 - 0x00000170e0bf0000 	C:\Users\husse\.openjfx\cache\21+31\amd64\api-ms-win-crt-private-l1-1-0.dll
0x00000170e0bf0000 - 0x00000170e0bf3000 	C:\Users\husse\.openjfx\cache\21+31\amd64\api-ms-win-crt-process-l1-1-0.dll
0x00000170e0c00000 - 0x00000170e0c04000 	C:\Users\husse\.openjfx\cache\21+31\amd64\api-ms-win-crt-runtime-l1-1-0.dll
0x00000170e0c10000 - 0x00000170e0c14000 	C:\Users\husse\.openjfx\cache\21+31\amd64\api-ms-win-crt-stdio-l1-1-0.dll
0x00000170e0c20000 - 0x00000170e0c24000 	C:\Users\husse\.openjfx\cache\21+31\amd64\api-ms-win-crt-string-l1-1-0.dll
0x00007ff916140000 - 0x00007ff91615c000 	C:\WINDOWS\SYSTEM32\CRYPTSP.dll
0x00007ff915900000 - 0x00007ff915938000 	C:\WINDOWS\system32\rsaenh.dll
0x00007ff915f40000 - 0x00007ff915f6b000 	C:\WINDOWS\SYSTEM32\USERENV.dll
0x00000170e0c30000 - 0x00000170e0c33000 	C:\Users\husse\.openjfx\cache\21+31\amd64\api-ms-win-crt-time-l1-1-0.dll
0x00007ff916380000 - 0x00007ff9163a6000 	C:\WINDOWS\SYSTEM32\bcrypt.dll
0x00007ff916160000 - 0x00007ff91616c000 	C:\WINDOWS\SYSTEM32\CRYPTBASE.dll
0x00000170e0c40000 - 0x00000170e0c43000 	C:\Users\husse\.openjfx\cache\21+31\amd64\api-ms-win-crt-utility-l1-1-0.dll
0x00007ff89e310000 - 0x00007ff89e40c000 	C:\Users\husse\.openjfx\cache\21+31\amd64\ucrtbase.dll
0x00007ff8e0990000 - 0x00007ff8e09a8000 	C:\WINDOWS\system32\napinsp.dll
0x00007ff8e0970000 - 0x00007ff8e0982000 	C:\WINDOWS\System32\winrnr.dll
0x00007ff8e0940000 - 0x00007ff8e0962000 	C:\WINDOWS\system32\nlansp_c.dll
0x00007ff90e2f0000 - 0x00007ff90e306000 	C:\WINDOWS\system32\wshbth.dll
0x00007ff8f8be0000 - 0x00007ff8f8bfb000 	C:\Users\husse\.openjfx\cache\21+31\amd64\vcruntime140.dll
0x00007ff9030c0000 - 0x00007ff9030cc000 	C:\Users\husse\.openjfx\cache\21+31\amd64\vcruntime140_1.dll
0x00007ff8f1510000 - 0x00007ff8f159e000 	C:\Users\husse\.openjfx\cache\21+31\amd64\msvcp140.dll
0x00007ff903010000 - 0x00007ff903019000 	C:\Users\husse\.openjfx\cache\21+31\amd64\msvcp140_1.dll
0x00007ff8f81a0000 - 0x00007ff8f81cf000 	C:\Users\husse\.openjfx\cache\21+31\amd64\msvcp140_2.dll
0x00007ff8edc20000 - 0x00007ff8edc4f000 	C:\Users\husse\.openjfx\cache\21+31\amd64\prism_d3d.dll
0x00007ff8efbc0000 - 0x00007ff8efd66000 	C:\WINDOWS\system32\d3d9.dll
0x00007ff913be0000 - 0x00007ff913c0e000 	C:\WINDOWS\SYSTEM32\dwmapi.dll
0x00007ff9139e0000 - 0x00007ff913a27000 	C:\WINDOWS\SYSTEM32\dxcore.dll
0x00007ff913900000 - 0x00007ff9139ad000 	C:\WINDOWS\system32\uxtheme.dll
0x00007ff901a00000 - 0x00007ff901b65000 	C:\WINDOWS\System32\DriverStore\FileRepository\iigd_dch.inf_amd64_4208a7ac24ac6344\igdumdim64.dll
0x00007ff881750000 - 0x00007ff8853db000 	C:\WINDOWS\System32\DriverStore\FileRepository\iigd_dch.inf_amd64_4208a7ac24ac6344\igd9dxva64.dll
0x00007ff919010000 - 0x00007ff919496000 	C:\WINDOWS\System32\SETUPAPI.dll
0x00007ff9166b0000 - 0x00007ff91670f000 	C:\WINDOWS\SYSTEM32\cfgmgr32.dll
0x00007ff909f60000 - 0x00007ff90a296000 	C:\WINDOWS\System32\DriverStore\FileRepository\iigd_dch.inf_amd64_4208a7ac24ac6344\igdgmm64.dll
0x00007ff913a30000 - 0x00007ff913a8c000 	C:\WINDOWS\SYSTEM32\directxdatabasehelper.dll
0x00007ff8e9be0000 - 0x00007ff8e9c36000 	C:\WINDOWS\SYSTEM32\pdh.dll
0x00007ff8dd1e0000 - 0x00007ff8dd222000 	C:\Users\husse\.openjfx\cache\21+31\amd64\glass.dll
0x00007ff918360000 - 0x00007ff91844d000 	C:\WINDOWS\System32\COMDLG32.dll
0x00007ff8cc4c0000 - 0x00007ff8cc5f1000 	C:\ProgramData\A-Volute\DellInc.AlienwareSoundCenter\Modules\ScheduledModules\x64\AudioDevProps2.dll
0x00007ff8deed0000 - 0x00007ff8def7e000 	C:\ProgramData\A-Volute\DellInc.AlienwareSoundCenter\Modules\ScheduledModules\x64\NahimicOSD.dll

dbghelp: loaded successfully - version: 4.0.5 - missing functions: none
symbol engine: initialized successfully - sym options: 0x614 - pdb path: .;C:\Program Files\Java\jdk-23\bin;C:\WINDOWS\SYSTEM32;C:\Program Files\Avast Software\Avast;C:\WINDOWS\WinSxS\amd64_microsoft.windows.common-controls_6595b64144ccf1df_6.0.26100.2454_none_3e0b68a2e331ad60;C:\Program Files\Java\jdk-23\bin\server;C:\Program Files\JetBrains\IntelliJ IDEA 2024.3.1\bin;C:\Users\husse\.openjfx\cache\21+31\amd64;C:\WINDOWS\System32\DriverStore\FileRepository\iigd_dch.inf_amd64_4208a7ac24ac6344;C:\ProgramData\A-Volute\DellInc.AlienwareSoundCenter\Modules\ScheduledModules\x64

VM Arguments:
jvm_args: -javaagent:C:\Program Files\JetBrains\IntelliJ IDEA 2024.3.1\lib\idea_rt.jar=57918:C:\Program Files\JetBrains\IntelliJ IDEA 2024.3.1\bin -Dfile.encoding=UTF-8 -Dsun.stdout.encoding=UTF-8 -Dsun.stderr.encoding=UTF-8 --module-path=C:\Users\husse\.m2\repository\org\openjfx\javafx-media\21\javafx-media-21-win.jar;C:\Users\husse\.m2\repository\org\openjfx\javafx-web\21\javafx-web-21-win.jar;C:\Users\husse\.m2\repository\org\openjfx\javafx-controls\21\javafx-controls-21-win.jar;D:\Projects\IdeaProjects\WatchIt\target\classes;C:\Users\husse\Downloads\Compressed\jar_files\fontawesomefx-8.2.jar;C:\Users\husse\.m2\repository\org\openjfx\javafx-base\21\javafx-base-21-win.jar;C:\Users\husse\.m2\repository\org\openjfx\javafx-fxml\21\javafx-fxml-21-win.jar;C:\Users\husse\.m2\repository\org\openjfx\javafx-graphics\21\javafx-graphics-21-win.jar -Djdk.module.main=watchit 
java_command: watchit/WatchIt.Application
java_class_path (initial): C:\Users\husse\.m2\repository\org\openjfx\javafx-controls\21\javafx-controls-21.jar;C:\Users\husse\.m2\repository\org\openjfx\javafx-graphics\21\javafx-graphics-21.jar;C:\Users\husse\.m2\repository\org\openjfx\javafx-base\21\javafx-base-21.jar;C:\Users\husse\.m2\repository\org\openjfx\javafx-fxml\21\javafx-fxml-21.jar;C:\Users\husse\.m2\repository\org\openjfx\javafx-web\21\javafx-web-21.jar;C:\Users\husse\.m2\repository\org\openjfx\javafx-swing\21\javafx-swing-21.jar;C:\Users\husse\.m2\repository\org\openjfx\javafx-swing\21\javafx-swing-21-win.jar;C:\Users\husse\.m2\repository\org\openjfx\javafx-media\21\javafx-media-21.jar;C:\Users\husse\.m2\repository\org\controlsfx\controlsfx\11.1.2\controlsfx-11.1.2.jar;C:\Users\husse\.m2\repository\com\dlsc\formsfx\formsfx-core\11.6.0\formsfx-core-11.6.0.jar;C:\Users\husse\.m2\repository\net\synedra\validatorfx\0.4.0\validatorfx-0.4.0.jar;C:\Users\husse\.m2\repository\org\kordamp\ikonli\ikonli-javafx\12.3.1\ikonli-javafx-12.3.1.jar;C:\Users\husse\.m2\repository\org\kordamp\ikonli\ikonli-core\12.3.1\ikonli-core-12.3.1.jar;C:\Users\husse\.m2\repository\org\kordamp\bootstrapfx\bootstrapfx-core\0.4.0\bootstrapfx-core-0.4.0.jar;C:\Users\husse\.m2\repository\eu\hansolo\tilesfx\11.48\tilesfx-11.48.jar;C:\Users\husse\.m2\repository\com\github\almasb\fxgl\17.3\fxgl-17.3.jar;C:\Users\husse\.m2\repository\com\github\almasb\fxgl-core\17.3\fxgl-core-17.3.jar;C:\Users\husse\.m2\repository\com\gluonhq\attach\audio\4.0.17\audio-4.0.17.jar;C:\Users\husse\.m2\repository\com\github\almasb\fxgl-io\17.3\fxgl-io-17.3.jar;C:\Users\husse\.m2\repository\com\gluonhq\attach\storage\4.0.17\storage-4.0.17.jar;C:\Users\husse\.m2\repository\com\gluonhq\attach\util\4.0.17\util-4.0.17.jar;C:\Users\husse\.m2\repository\com\github\almasb\fxgl-entity\17.3\fxgl-entity-17.3.jar;C:\Users\husse\.m2\repository\com\github\almasb\fxgl-scene\17.3\fxgl-scene-17.3.jar;C:\Users\husse\.m2\repository\com\github\almasb\fxgl-gameplay\17.3\fxgl-gameplay-17.3.jar;C:\Users\husse\.m2\repository\com\fasterxml\jackson\core\jackson-annotations\2.14.2\jackson-annotations-2.14.2.jar;C:\Users\husse\.m2\repository\com\fasterxml\jackson\core\jackson-databind\2.14.2\jackson-databind-2.14.2.jar;C:\Users\husse\.m2\repository\com\fasterxml\jackson\core\jackson-core\2.14.2\jackson-core-2.14.2.jar;C:\Users\husse\.m2\repository\com\gluonhq\attach\lifecycle\4.0.17\lifecycle-4.0.17.jar;C:\Users\husse\.m2\repository\org\jetbrains\kotlin\kotlin-stdlib\1.8.10\kotlin-stdlib-1.8.10.jar;C:\Users\husse\.m2\repository\org\jetbrains\kotlin\kotlin-stdlib-common\1.8.10\kotlin-stdlib-common-1.8.10.jar;C:\Users\husse\.m2\repository\org\jetbrains\annotations\13.0\annotations-13.0.jar
Launcher Type: SUN_STANDARD

[Global flags]
     intx CICompilerCount                          = 4                                         {product} {ergonomic}
     uint ConcGCThreads                            = 3                                         {product} {ergonomic}
     uint G1ConcRefinementThreads                  = 10                                        {product} {ergonomic}
   size_t G1HeapRegionSize                         = 2097152                                   {product} {ergonomic}
   size_t InitialHeapSize                          = 266338304                                 {product} {ergonomic}
   size_t MarkStackSize                            = 4194304                                   {product} {ergonomic}
   size_t MarkStackSizeMax                         = 536870912                                 {product} {ergonomic}
   size_t MaxHeapSize                              = 4246732800                                {product} {ergonomic}
   size_t MaxNewSize                               = 2548039680                                {product} {ergonomic}
   size_t MinHeapDeltaBytes                        = 2097152                                   {product} {ergonomic}
   size_t MinHeapSize                              = 8388608                                   {product} {ergonomic}
    uintx NonNMethodCodeHeapSize                   = 5832704                                {pd product} {ergonomic}
    uintx NonProfiledCodeHeapSize                  = 122945536                              {pd product} {ergonomic}
    uintx ProfiledCodeHeapSize                     = 122880000                              {pd product} {ergonomic}
    uintx ReservedCodeCacheSize                    = 251658240                              {pd product} {ergonomic}
     bool SegmentedCodeCache                       = true                                      {product} {ergonomic}
   size_t SoftMaxHeapSize                          = 4246732800                             {manageable} {ergonomic}
     bool UseCompressedOops                        = true                           {product lp64_product} {ergonomic}
     bool UseG1GC                                  = true                                      {product} {ergonomic}
     bool UseLargePagesIndividualAllocation        = false                                  {pd product} {ergonomic}

Logging:
Log output configuration:
 #0: stdout all=warning uptime,level,tags foldmultilines=false
 #1: stderr all=off uptime,level,tags foldmultilines=false

Environment Variables:
PATH=C:\Oracle\Middleware\Oracle_FRHome1\bin;C:\app\husse\product\11.2.0\dbhome_1\bin;C:\Program Files\Common Files\Oracle\Java\javapath;C:\Program Files (x86)\Common Files\Oracle\Java\java8path;C:\Program Files (x86)\Common Files\Oracle\Java\javapath;C:\Program Files (x86)\VMware\VMware Workstation\bin\;C:\Windows\system32;C:\Windows;C:\Windows\System32\Wbem;C:\Windows\System32\WindowsPowerShell\v1.0\;C:\Windows\System32\OpenSSH\;C:\Program Files (x86)\NVIDIA Corporation\PhysX\Common;C:\Program Files\NVIDIA Corporation\NVIDIA NvDLISR;C:\WINDOWS\system32;C:\WINDOWS;C:\WINDOWS\System32\Wbem;C:\WINDOWS\System32\WindowsPowerShell\v1.0\;C:\WINDOWS\System32\OpenSSH\;C:\Program Files (x86)\Windows Kits\10\Windows Performance Toolkit\;C:\Program Files\Microsoft SQL Server\150\Tools\Binn\;C:\Program Files\Microsoft SQL Server\Client SDK\ODBC\170\Tools\Binn\;C:\Program Files\dotnet\;C:\Program Files\Common Files\Autodesk Shared\;C:\Program Files\Microsoft SQL Server\120\Tools\Binn\;C:\Program Files\Java\jdk-23\bin;C:\Program Files\dart-sdk\bin;C:\flutter\bin;C:\Oracle\Middleware\Oracle_FRHome1\opmn\bin;C:\Oracle\Middleware\Oracle_FRHome1\opmn\lib;C:\Oracle\Middleware\Oracle_FRHome1\perl\bin;C:\Program Files\Git\cmd;C:\Users\husse\AppData\Local\Programs\Python\Python39\Scripts\;C:\Users\husse\AppData\Local\Programs\Python\Python39\;C:\Users\husse\AppData\Local\Programs\Python\Python313\Scripts\;C:\Users\husse\AppData\Local\Programs\Python\Python313\;C:\Users\husse\AppData\Local\Microsoft\WindowsApps;C:\Users\husse\.dotnet\tools;C:\Users\husse\AppData\Local\Programs\Microsoft VS Code\bin;C:\msys64\ucrt64\bin;;C:\Program Files\JetBrains\IntelliJ IDEA 2024.3.1\bin;;C:\Program Files\JetBrains\IntelliJ IDEA Community Edition 2024.2.3\bin;
USERNAME=husse
LD_LIBRARY_PATH=C:\Oracle\Middleware\Oracle_FRHome1\lib
OS=Windows_NT
PROCESSOR_IDENTIFIER=Intel64 Family 6 Model 158 Stepping 10, GenuineIntel
TMP=C:\Users\husse\AppData\Local\Temp
TEMP=C:\Users\husse\AppData\Local\Temp




Periodic native trim disabled

---------------  S Y S T E M  ---------------

OS:
 Windows 11 , 64 bit Build 26100 (10.0.26100.2454)
OS uptime: 0 days 4:12 hours

CPU: total 12 (initial active 12) (6 cores per cpu, 2 threads per core) family 6 model 158 stepping 10 microcode 0xf4, cx8, cmov, fxsr, ht, mmx, 3dnowpref, sse, sse2, sse3, ssse3, sse4.1, sse4.2, popcnt, lzcnt, tsc, tscinvbit, avx, avx2, aes, erms, clmul, bmi1, bmi2, adx, fma, vzeroupper, clflush, clflushopt, rdtscp, f16c
Processor Information for the first 12 processors :
  Max Mhz: 2592, Current Mhz: 2592, Mhz Limit: 2592

Memory: 4k page, system-wide physical 16196M (3475M free)
TotalPageFile size 16196M (AvailPageFile size 0M)
current process WorkingSet (physical memory assigned to process): 148M, peak: 148M
current process commit charge ("private bytes"): 411M, peak: 411M

vm_info: Java HotSpot(TM) 64-Bit Server VM (23+37-2369) for windows-amd64 JRE (23+37-2369), built on 2024-08-20T16:01:23Z with MS VC++ 17.6 (VS2022)

END.
