#
# There is insufficient memory for the Java Runtime Environment to continue.
# Native memory allocation (malloc) failed to allocate 1092816 bytes. Error detail: Chunk::new
# Possible reasons:
#   The system is out of physical RAM or swap space
#   This process is running with CompressedOops enabled, and the Java Heap may be blocking the growth of the native heap
# Possible solutions:
#   Reduce memory load on the system
#   Increase physical memory or swap space
#   Check if swap backing store is full
#   Decrease Java heap size (-Xmx/-Xms)
#   Decrease number of Java threads
#   Decrease Java thread stack sizes (-Xss)
#   Set larger code cache with -XX:ReservedCodeCacheSize=
#   JVM is running with Zero Based Compressed Oops mode in which the Java heap is
#     placed in the first 32GB address space. The Java Heap base address is the
#     maximum limit for the native heap growth. Please use -XX:HeapBaseMinAddress
#     to set the Java Heap base and to place the Java Heap above 32GB virtual address.
# This output file may be truncated or incomplete.
#
#  Out of Memory Error (arena.cpp:149), pid=18236, tid=1392
#
# JRE version: Java(TM) SE Runtime Environment (23.0+37) (build 23+37-2369)
# Java VM: Java HotSpot(TM) 64-Bit Server VM (23+37-2369, mixed mode, sharing, tiered, compressed oops, compressed class ptrs, g1 gc, windows-amd64)
# No core dump will be written. Minidumps are not enabled by default on client versions of Windows
#

---------------  S U M M A R Y ------------

Command Line: -javaagent:C:\Program Files\JetBrains\IntelliJ IDEA Community Edition 2024.2.3\lib\idea_rt.jar=50408:C:\Program Files\JetBrains\IntelliJ IDEA Community Edition 2024.2.3\bin -Dfile.encoding=UTF-8 -Dsun.stdout.encoding=UTF-8 -Dsun.stderr.encoding=UTF-8 --module-path=C:\Users\husse\.m2\repository\org\openjfx\javafx-media\21\javafx-media-21-win.jar;C:\Users\husse\.m2\repository\org\openjfx\javafx-controls\21\javafx-controls-21-win.jar;C:\Users\husse\.m2\repository\org\openjfx\javafx-graphics\21\javafx-graphics-21-win.jar;C:\Users\husse\.m2\repository\org\openjfx\javafx-fxml\21\javafx-fxml-21-win.jar;C:\Users\husse\.m2\repository\org\openjfx\javafx-web\21\javafx-web-21-win.jar;C:\Users\husse\.m2\repository\org\openjfx\javafx-base\21\javafx-base-21-win.jar;D:\Projects\IdeaProjects\WatchIt\target\classes;C:\Users\husse\Downloads\Compressed\jar_files\fontawesomefx-8.2.jar -Djdk.module.main=watchit watchit/WatchIt.Application

Host: Intel(R) Core(TM) i7-9750H CPU @ 2.60GHz, 12 cores, 15G,  Windows 11 , 64 bit Build 26100 (10.0.26100.2454)
Time: Sat Dec 14 21:12:34 2024 Egypt Standard Time elapsed time: 6.426612 seconds (0d 0h 0m 6s)

---------------  T H R E A D  ---------------

Current thread (0x0000027387218b10):  JavaThread "C2 CompilerThread1" daemon [_thread_in_native, id=1392, stack(0x000000d7dd500000,0x000000d7dd600000) (1024K)]


Current CompileTask:
C2:6426  266       4       java.util.stream.ReferencePipeline$3$1::accept (23 bytes)

Stack: [0x000000d7dd500000,0x000000d7dd600000]
Native frames: (J=compiled Java code, j=interpreted, Vv=VM code, C=native code)
V  [jvm.dll+0x6e08a9]  (no source info available)
V  [jvm.dll+0x87da63]  (no source info available)
V  [jvm.dll+0x87feee]  (no source info available)
V  [jvm.dll+0x8805c3]  (no source info available)
V  [jvm.dll+0x27aee6]  (no source info available)
V  [jvm.dll+0xbc06f]  (no source info available)
V  [jvm.dll+0xbc2cb]  (no source info available)
V  [jvm.dll+0x2ee94d]  (no source info available)
V  [jvm.dll+0x6063c9]  (no source info available)
V  [jvm.dll+0x24ddf2]  (no source info available)
V  [jvm.dll+0x24e1d5]  (no source info available)
V  [jvm.dll+0x246b54]  (no source info available)
V  [jvm.dll+0x243d04]  (no source info available)
V  [jvm.dll+0x1c33a0]  (no source info available)
V  [jvm.dll+0x253cf1]  (no source info available)
V  [jvm.dll+0x251faa]  (no source info available)
V  [jvm.dll+0x3ee036]  (no source info available)
V  [jvm.dll+0x824f1b]  (no source info available)
V  [jvm.dll+0x6df055]  (no source info available)
C  [ucrtbase.dll+0x14ea0]  (no source info available)
C  [KERNEL32.DLL+0x2e8d7]  (no source info available)
C  [ntdll.dll+0xdfbcc]  (no source info available)

Lock stack of current Java thread (top to bottom):


---------------  P R O C E S S  ---------------

Threads class SMR info:
_java_thread_list=0x0000027387f55cf0, length=11, elements={
0x000002732266cee0, 0x00000273416ba260, 0x00000273416bba30, 0x00000273416c16e0,
0x00000273416c2490, 0x00000273416c48a0, 0x00000273416caa80, 0x0000027387008f30,
0x00000273416ccc70, 0x00000273870f0080, 0x0000027387218b10
}

Java Threads: ( => current thread )
  0x000002732266cee0 JavaThread "main"                              [_thread_in_native, id=20776, stack(0x000000d7dc400000,0x000000d7dc500000) (1024K)]
  0x00000273416ba260 JavaThread "Reference Handler"          daemon [_thread_blocked, id=16772, stack(0x000000d7dcc00000,0x000000d7dcd00000) (1024K)]
  0x00000273416bba30 JavaThread "Finalizer"                  daemon [_thread_blocked, id=19440, stack(0x000000d7dcd00000,0x000000d7dce00000) (1024K)]
  0x00000273416c16e0 JavaThread "Signal Dispatcher"          daemon [_thread_blocked, id=17116, stack(0x000000d7dce00000,0x000000d7dcf00000) (1024K)]
  0x00000273416c2490 JavaThread "Attach Listener"            daemon [_thread_blocked, id=23444, stack(0x000000d7dcf00000,0x000000d7dd000000) (1024K)]
  0x00000273416c48a0 JavaThread "Service Thread"             daemon [_thread_blocked, id=25844, stack(0x000000d7dd000000,0x000000d7dd100000) (1024K)]
  0x00000273416caa80 JavaThread "Monitor Deflation Thread"   daemon [_thread_blocked, id=6556, stack(0x000000d7dd100000,0x000000d7dd200000) (1024K)]
  0x0000027387008f30 JavaThread "C2 CompilerThread0"         daemon [_thread_in_native, id=22896, stack(0x000000d7dd200000,0x000000d7dd300000) (1024K)]
  0x00000273416ccc70 JavaThread "C1 CompilerThread0"         daemon [_thread_in_native, id=10492, stack(0x000000d7dd300000,0x000000d7dd400000) (1024K)]
  0x00000273870f0080 JavaThread "Common-Cleaner"             daemon [_thread_blocked, id=6112, stack(0x000000d7dd400000,0x000000d7dd500000) (1024K)]
=>0x0000027387218b10 JavaThread "C2 CompilerThread1"         daemon [_thread_in_native, id=1392, stack(0x000000d7dd500000,0x000000d7dd600000) (1024K)]
Total: 11

Other Threads:
  0x00000273416a1ce0 VMThread "VM Thread"                           [id=3288, stack(0x000000d7dcb00000,0x000000d7dcc00000) (1024K)]
  0x000002734168d700 WatcherThread "VM Periodic Task Thread"        [id=11308, stack(0x000000d7dca00000,0x000000d7dcb00000) (1024K)]
  0x00000273226d1250 WorkerThread "GC Thread#0"                     [id=21964, stack(0x000000d7dc500000,0x000000d7dc600000) (1024K)]
  0x00000273226e6810 ConcurrentGCThread "G1 Main Marker"            [id=13308, stack(0x000000d7dc600000,0x000000d7dc700000) (1024K)]
  0x000002732036e970 WorkerThread "G1 Conc#0"                       [id=26596, stack(0x000000d7dc700000,0x000000d7dc800000) (1024K)]
  0x000002732271e620 ConcurrentGCThread "G1 Refine#0"               [id=9576, stack(0x000000d7dc800000,0x000000d7dc900000) (1024K)]
  0x000002734155b560 ConcurrentGCThread "G1 Service"                [id=23020, stack(0x000000d7dc900000,0x000000d7dca00000) (1024K)]
Total: 7

Threads with active compile tasks:
C2 CompilerThread0  6596  532       4       java.util.zip.ZipUtils::get16 (21 bytes)
C1 CompilerThread0  6596  531       3       java.util.zip.ZipFile$Source::checkExtraFields (192 bytes)
C2 CompilerThread1  6596  266       4       java.util.stream.ReferencePipeline$3$1::accept (23 bytes)
Total: 3

VM state: not at safepoint (normal execution)

VM Mutex/Monitor currently owned by a thread: None

Heap address: 0x0000000702e00000, size: 4050 MB, Compressed Oops mode: Zero based, Oop shift amount: 3

CDS archive(s) mapped at: [0x0000027342000000-0x0000027342d70000-0x0000027342d70000), size 14090240, SharedBaseAddress: 0x0000027342000000, ArchiveRelocationMode: 1.
Compressed class space mapped at: 0x0000027343000000-0x0000027383000000, reserved size: 1073741824
Narrow klass base: 0x0000027342000000, Narrow klass shift: 0, Narrow klass range: 0x41000000

GC Precious Log:
 CardTable entry size: 512
 Card Set container configuration: InlinePtr #cards 4 size 8 Array Of Cards #cards 16 size 48 Howl #buckets 8 coarsen threshold 3686 Howl Bitmap #cards 512 size 80 coarsen threshold 460 Card regions per heap region 1 cards per card region 4096
 CPUs: 12 total, 12 available
 Memory: 16196M
 Large Page Support: Disabled
 NUMA Support: Disabled
 Compressed Oops: Enabled (Zero based)
 Heap Region Size: 2M
 Heap Min Capacity: 8M
 Heap Initial Capacity: 254M
 Heap Max Capacity: 4050M
 Pre-touch: Disabled
 Parallel Workers: 10
 Concurrent Workers: 3
 Concurrent Refinement Workers: 10
 Periodic GC: Disabled

Heap:
 garbage-first heap   total reserved 4147200K, committed 260096K, used 8192K [0x0000000702e00000, 0x0000000800000000)
  region size 2048K, 5 young (10240K), 0 survivors (0K)
 Metaspace       used 921K, committed 1152K, reserved 1114112K
  class space    used 74K, committed 192K, reserved 1048576K

Heap Regions: E=young(eden), S=young(survivor), O=old, HS=humongous(starts), HC=humongous(continues), CS=collection set, F=free, TAMS=top-at-mark-start, PB=parsable bottom
|   0|0x0000000702e00000, 0x0000000702e00000, 0x0000000703000000|  0%| F|  |TAMS 0x0000000702e00000| PB 0x0000000702e00000| Untracked |  0
|   1|0x0000000703000000, 0x0000000703000000, 0x0000000703200000|  0%| F|  |TAMS 0x0000000703000000| PB 0x0000000703000000| Untracked |  0
|   2|0x0000000703200000, 0x0000000703200000, 0x0000000703400000|  0%| F|  |TAMS 0x0000000703200000| PB 0x0000000703200000| Untracked |  0
|   3|0x0000000703400000, 0x0000000703400000, 0x0000000703600000|  0%| F|  |TAMS 0x0000000703400000| PB 0x0000000703400000| Untracked |  0
|   4|0x0000000703600000, 0x0000000703600000, 0x0000000703800000|  0%| F|  |TAMS 0x0000000703600000| PB 0x0000000703600000| Untracked |  0
|   5|0x0000000703800000, 0x0000000703800000, 0x0000000703a00000|  0%| F|  |TAMS 0x0000000703800000| PB 0x0000000703800000| Untracked |  0
|   6|0x0000000703a00000, 0x0000000703a00000, 0x0000000703c00000|  0%| F|  |TAMS 0x0000000703a00000| PB 0x0000000703a00000| Untracked |  0
|   7|0x0000000703c00000, 0x0000000703c00000, 0x0000000703e00000|  0%| F|  |TAMS 0x0000000703c00000| PB 0x0000000703c00000| Untracked |  0
|   8|0x0000000703e00000, 0x0000000703e00000, 0x0000000704000000|  0%| F|  |TAMS 0x0000000703e00000| PB 0x0000000703e00000| Untracked |  0
|   9|0x0000000704000000, 0x0000000704000000, 0x0000000704200000|  0%| F|  |TAMS 0x0000000704000000| PB 0x0000000704000000| Untracked |  0
|  10|0x0000000704200000, 0x0000000704200000, 0x0000000704400000|  0%| F|  |TAMS 0x0000000704200000| PB 0x0000000704200000| Untracked |  0
|  11|0x0000000704400000, 0x0000000704400000, 0x0000000704600000|  0%| F|  |TAMS 0x0000000704400000| PB 0x0000000704400000| Untracked |  0
|  12|0x0000000704600000, 0x0000000704600000, 0x0000000704800000|  0%| F|  |TAMS 0x0000000704600000| PB 0x0000000704600000| Untracked |  0
|  13|0x0000000704800000, 0x0000000704800000, 0x0000000704a00000|  0%| F|  |TAMS 0x0000000704800000| PB 0x0000000704800000| Untracked |  0
|  14|0x0000000704a00000, 0x0000000704a00000, 0x0000000704c00000|  0%| F|  |TAMS 0x0000000704a00000| PB 0x0000000704a00000| Untracked |  0
|  15|0x0000000704c00000, 0x0000000704c00000, 0x0000000704e00000|  0%| F|  |TAMS 0x0000000704c00000| PB 0x0000000704c00000| Untracked |  0
|  16|0x0000000704e00000, 0x0000000704e00000, 0x0000000705000000|  0%| F|  |TAMS 0x0000000704e00000| PB 0x0000000704e00000| Untracked |  0
|  17|0x0000000705000000, 0x0000000705000000, 0x0000000705200000|  0%| F|  |TAMS 0x0000000705000000| PB 0x0000000705000000| Untracked |  0
|  18|0x0000000705200000, 0x0000000705200000, 0x0000000705400000|  0%| F|  |TAMS 0x0000000705200000| PB 0x0000000705200000| Untracked |  0
|  19|0x0000000705400000, 0x0000000705400000, 0x0000000705600000|  0%| F|  |TAMS 0x0000000705400000| PB 0x0000000705400000| Untracked |  0
|  20|0x0000000705600000, 0x0000000705600000, 0x0000000705800000|  0%| F|  |TAMS 0x0000000705600000| PB 0x0000000705600000| Untracked |  0
|  21|0x0000000705800000, 0x0000000705800000, 0x0000000705a00000|  0%| F|  |TAMS 0x0000000705800000| PB 0x0000000705800000| Untracked |  0
|  22|0x0000000705a00000, 0x0000000705a00000, 0x0000000705c00000|  0%| F|  |TAMS 0x0000000705a00000| PB 0x0000000705a00000| Untracked |  0
|  23|0x0000000705c00000, 0x0000000705c00000, 0x0000000705e00000|  0%| F|  |TAMS 0x0000000705c00000| PB 0x0000000705c00000| Untracked |  0
|  24|0x0000000705e00000, 0x0000000705e00000, 0x0000000706000000|  0%| F|  |TAMS 0x0000000705e00000| PB 0x0000000705e00000| Untracked |  0
|  25|0x0000000706000000, 0x0000000706000000, 0x0000000706200000|  0%| F|  |TAMS 0x0000000706000000| PB 0x0000000706000000| Untracked |  0
|  26|0x0000000706200000, 0x0000000706200000, 0x0000000706400000|  0%| F|  |TAMS 0x0000000706200000| PB 0x0000000706200000| Untracked |  0
|  27|0x0000000706400000, 0x0000000706400000, 0x0000000706600000|  0%| F|  |TAMS 0x0000000706400000| PB 0x0000000706400000| Untracked |  0
|  28|0x0000000706600000, 0x0000000706600000, 0x0000000706800000|  0%| F|  |TAMS 0x0000000706600000| PB 0x0000000706600000| Untracked |  0
|  29|0x0000000706800000, 0x0000000706800000, 0x0000000706a00000|  0%| F|  |TAMS 0x0000000706800000| PB 0x0000000706800000| Untracked |  0
|  30|0x0000000706a00000, 0x0000000706a00000, 0x0000000706c00000|  0%| F|  |TAMS 0x0000000706a00000| PB 0x0000000706a00000| Untracked |  0
|  31|0x0000000706c00000, 0x0000000706c00000, 0x0000000706e00000|  0%| F|  |TAMS 0x0000000706c00000| PB 0x0000000706c00000| Untracked |  0
|  32|0x0000000706e00000, 0x0000000706e00000, 0x0000000707000000|  0%| F|  |TAMS 0x0000000706e00000| PB 0x0000000706e00000| Untracked |  0
|  33|0x0000000707000000, 0x0000000707000000, 0x0000000707200000|  0%| F|  |TAMS 0x0000000707000000| PB 0x0000000707000000| Untracked |  0
|  34|0x0000000707200000, 0x0000000707200000, 0x0000000707400000|  0%| F|  |TAMS 0x0000000707200000| PB 0x0000000707200000| Untracked |  0
|  35|0x0000000707400000, 0x0000000707400000, 0x0000000707600000|  0%| F|  |TAMS 0x0000000707400000| PB 0x0000000707400000| Untracked |  0
|  36|0x0000000707600000, 0x0000000707600000, 0x0000000707800000|  0%| F|  |TAMS 0x0000000707600000| PB 0x0000000707600000| Untracked |  0
|  37|0x0000000707800000, 0x0000000707800000, 0x0000000707a00000|  0%| F|  |TAMS 0x0000000707800000| PB 0x0000000707800000| Untracked |  0
|  38|0x0000000707a00000, 0x0000000707a00000, 0x0000000707c00000|  0%| F|  |TAMS 0x0000000707a00000| PB 0x0000000707a00000| Untracked |  0
|  39|0x0000000707c00000, 0x0000000707c00000, 0x0000000707e00000|  0%| F|  |TAMS 0x0000000707c00000| PB 0x0000000707c00000| Untracked |  0
|  40|0x0000000707e00000, 0x0000000707e00000, 0x0000000708000000|  0%| F|  |TAMS 0x0000000707e00000| PB 0x0000000707e00000| Untracked |  0
|  41|0x0000000708000000, 0x0000000708000000, 0x0000000708200000|  0%| F|  |TAMS 0x0000000708000000| PB 0x0000000708000000| Untracked |  0
|  42|0x0000000708200000, 0x0000000708200000, 0x0000000708400000|  0%| F|  |TAMS 0x0000000708200000| PB 0x0000000708200000| Untracked |  0
|  43|0x0000000708400000, 0x0000000708400000, 0x0000000708600000|  0%| F|  |TAMS 0x0000000708400000| PB 0x0000000708400000| Untracked |  0
|  44|0x0000000708600000, 0x0000000708600000, 0x0000000708800000|  0%| F|  |TAMS 0x0000000708600000| PB 0x0000000708600000| Untracked |  0
|  45|0x0000000708800000, 0x0000000708800000, 0x0000000708a00000|  0%| F|  |TAMS 0x0000000708800000| PB 0x0000000708800000| Untracked |  0
|  46|0x0000000708a00000, 0x0000000708a00000, 0x0000000708c00000|  0%| F|  |TAMS 0x0000000708a00000| PB 0x0000000708a00000| Untracked |  0
|  47|0x0000000708c00000, 0x0000000708c00000, 0x0000000708e00000|  0%| F|  |TAMS 0x0000000708c00000| PB 0x0000000708c00000| Untracked |  0
|  48|0x0000000708e00000, 0x0000000708e00000, 0x0000000709000000|  0%| F|  |TAMS 0x0000000708e00000| PB 0x0000000708e00000| Untracked |  0
|  49|0x0000000709000000, 0x0000000709000000, 0x0000000709200000|  0%| F|  |TAMS 0x0000000709000000| PB 0x0000000709000000| Untracked |  0
|  50|0x0000000709200000, 0x0000000709200000, 0x0000000709400000|  0%| F|  |TAMS 0x0000000709200000| PB 0x0000000709200000| Untracked |  0
|  51|0x0000000709400000, 0x0000000709400000, 0x0000000709600000|  0%| F|  |TAMS 0x0000000709400000| PB 0x0000000709400000| Untracked |  0
|  52|0x0000000709600000, 0x0000000709600000, 0x0000000709800000|  0%| F|  |TAMS 0x0000000709600000| PB 0x0000000709600000| Untracked |  0
|  53|0x0000000709800000, 0x0000000709800000, 0x0000000709a00000|  0%| F|  |TAMS 0x0000000709800000| PB 0x0000000709800000| Untracked |  0
|  54|0x0000000709a00000, 0x0000000709a00000, 0x0000000709c00000|  0%| F|  |TAMS 0x0000000709a00000| PB 0x0000000709a00000| Untracked |  0
|  55|0x0000000709c00000, 0x0000000709c00000, 0x0000000709e00000|  0%| F|  |TAMS 0x0000000709c00000| PB 0x0000000709c00000| Untracked |  0
|  56|0x0000000709e00000, 0x0000000709e00000, 0x000000070a000000|  0%| F|  |TAMS 0x0000000709e00000| PB 0x0000000709e00000| Untracked |  0
|  57|0x000000070a000000, 0x000000070a000000, 0x000000070a200000|  0%| F|  |TAMS 0x000000070a000000| PB 0x000000070a000000| Untracked |  0
|  58|0x000000070a200000, 0x000000070a200000, 0x000000070a400000|  0%| F|  |TAMS 0x000000070a200000| PB 0x000000070a200000| Untracked |  0
|  59|0x000000070a400000, 0x000000070a400000, 0x000000070a600000|  0%| F|  |TAMS 0x000000070a400000| PB 0x000000070a400000| Untracked |  0
|  60|0x000000070a600000, 0x000000070a600000, 0x000000070a800000|  0%| F|  |TAMS 0x000000070a600000| PB 0x000000070a600000| Untracked |  0
|  61|0x000000070a800000, 0x000000070a800000, 0x000000070aa00000|  0%| F|  |TAMS 0x000000070a800000| PB 0x000000070a800000| Untracked |  0
|  62|0x000000070aa00000, 0x000000070aa00000, 0x000000070ac00000|  0%| F|  |TAMS 0x000000070aa00000| PB 0x000000070aa00000| Untracked |  0
|  63|0x000000070ac00000, 0x000000070ac00000, 0x000000070ae00000|  0%| F|  |TAMS 0x000000070ac00000| PB 0x000000070ac00000| Untracked |  0
|  64|0x000000070ae00000, 0x000000070ae00000, 0x000000070b000000|  0%| F|  |TAMS 0x000000070ae00000| PB 0x000000070ae00000| Untracked |  0
|  65|0x000000070b000000, 0x000000070b000000, 0x000000070b200000|  0%| F|  |TAMS 0x000000070b000000| PB 0x000000070b000000| Untracked |  0
|  66|0x000000070b200000, 0x000000070b200000, 0x000000070b400000|  0%| F|  |TAMS 0x000000070b200000| PB 0x000000070b200000| Untracked |  0
|  67|0x000000070b400000, 0x000000070b400000, 0x000000070b600000|  0%| F|  |TAMS 0x000000070b400000| PB 0x000000070b400000| Untracked |  0
|  68|0x000000070b600000, 0x000000070b600000, 0x000000070b800000|  0%| F|  |TAMS 0x000000070b600000| PB 0x000000070b600000| Untracked |  0
|  69|0x000000070b800000, 0x000000070b800000, 0x000000070ba00000|  0%| F|  |TAMS 0x000000070b800000| PB 0x000000070b800000| Untracked |  0
|  70|0x000000070ba00000, 0x000000070ba00000, 0x000000070bc00000|  0%| F|  |TAMS 0x000000070ba00000| PB 0x000000070ba00000| Untracked |  0
|  71|0x000000070bc00000, 0x000000070bc00000, 0x000000070be00000|  0%| F|  |TAMS 0x000000070bc00000| PB 0x000000070bc00000| Untracked |  0
|  72|0x000000070be00000, 0x000000070be00000, 0x000000070c000000|  0%| F|  |TAMS 0x000000070be00000| PB 0x000000070be00000| Untracked |  0
|  73|0x000000070c000000, 0x000000070c000000, 0x000000070c200000|  0%| F|  |TAMS 0x000000070c000000| PB 0x000000070c000000| Untracked |  0
|  74|0x000000070c200000, 0x000000070c200000, 0x000000070c400000|  0%| F|  |TAMS 0x000000070c200000| PB 0x000000070c200000| Untracked |  0
|  75|0x000000070c400000, 0x000000070c400000, 0x000000070c600000|  0%| F|  |TAMS 0x000000070c400000| PB 0x000000070c400000| Untracked |  0
|  76|0x000000070c600000, 0x000000070c600000, 0x000000070c800000|  0%| F|  |TAMS 0x000000070c600000| PB 0x000000070c600000| Untracked |  0
|  77|0x000000070c800000, 0x000000070c800000, 0x000000070ca00000|  0%| F|  |TAMS 0x000000070c800000| PB 0x000000070c800000| Untracked |  0
|  78|0x000000070ca00000, 0x000000070ca00000, 0x000000070cc00000|  0%| F|  |TAMS 0x000000070ca00000| PB 0x000000070ca00000| Untracked |  0
|  79|0x000000070cc00000, 0x000000070cc00000, 0x000000070ce00000|  0%| F|  |TAMS 0x000000070cc00000| PB 0x000000070cc00000| Untracked |  0
|  80|0x000000070ce00000, 0x000000070ce00000, 0x000000070d000000|  0%| F|  |TAMS 0x000000070ce00000| PB 0x000000070ce00000| Untracked |  0
|  81|0x000000070d000000, 0x000000070d000000, 0x000000070d200000|  0%| F|  |TAMS 0x000000070d000000| PB 0x000000070d000000| Untracked |  0
|  82|0x000000070d200000, 0x000000070d200000, 0x000000070d400000|  0%| F|  |TAMS 0x000000070d200000| PB 0x000000070d200000| Untracked |  0
|  83|0x000000070d400000, 0x000000070d400000, 0x000000070d600000|  0%| F|  |TAMS 0x000000070d400000| PB 0x000000070d400000| Untracked |  0
|  84|0x000000070d600000, 0x000000070d600000, 0x000000070d800000|  0%| F|  |TAMS 0x000000070d600000| PB 0x000000070d600000| Untracked |  0
|  85|0x000000070d800000, 0x000000070d800000, 0x000000070da00000|  0%| F|  |TAMS 0x000000070d800000| PB 0x000000070d800000| Untracked |  0
|  86|0x000000070da00000, 0x000000070da00000, 0x000000070dc00000|  0%| F|  |TAMS 0x000000070da00000| PB 0x000000070da00000| Untracked |  0
|  87|0x000000070dc00000, 0x000000070dc00000, 0x000000070de00000|  0%| F|  |TAMS 0x000000070dc00000| PB 0x000000070dc00000| Untracked |  0
|  88|0x000000070de00000, 0x000000070de00000, 0x000000070e000000|  0%| F|  |TAMS 0x000000070de00000| PB 0x000000070de00000| Untracked |  0
|  89|0x000000070e000000, 0x000000070e000000, 0x000000070e200000|  0%| F|  |TAMS 0x000000070e000000| PB 0x000000070e000000| Untracked |  0
|  90|0x000000070e200000, 0x000000070e200000, 0x000000070e400000|  0%| F|  |TAMS 0x000000070e200000| PB 0x000000070e200000| Untracked |  0
|  91|0x000000070e400000, 0x000000070e400000, 0x000000070e600000|  0%| F|  |TAMS 0x000000070e400000| PB 0x000000070e400000| Untracked |  0
|  92|0x000000070e600000, 0x000000070e600000, 0x000000070e800000|  0%| F|  |TAMS 0x000000070e600000| PB 0x000000070e600000| Untracked |  0
|  93|0x000000070e800000, 0x000000070e800000, 0x000000070ea00000|  0%| F|  |TAMS 0x000000070e800000| PB 0x000000070e800000| Untracked |  0
|  94|0x000000070ea00000, 0x000000070ea00000, 0x000000070ec00000|  0%| F|  |TAMS 0x000000070ea00000| PB 0x000000070ea00000| Untracked |  0
|  95|0x000000070ec00000, 0x000000070ec00000, 0x000000070ee00000|  0%| F|  |TAMS 0x000000070ec00000| PB 0x000000070ec00000| Untracked |  0
|  96|0x000000070ee00000, 0x000000070ee00000, 0x000000070f000000|  0%| F|  |TAMS 0x000000070ee00000| PB 0x000000070ee00000| Untracked |  0
|  97|0x000000070f000000, 0x000000070f000000, 0x000000070f200000|  0%| F|  |TAMS 0x000000070f000000| PB 0x000000070f000000| Untracked |  0
|  98|0x000000070f200000, 0x000000070f200000, 0x000000070f400000|  0%| F|  |TAMS 0x000000070f200000| PB 0x000000070f200000| Untracked |  0
|  99|0x000000070f400000, 0x000000070f400000, 0x000000070f600000|  0%| F|  |TAMS 0x000000070f400000| PB 0x000000070f400000| Untracked |  0
| 100|0x000000070f600000, 0x000000070f600000, 0x000000070f800000|  0%| F|  |TAMS 0x000000070f600000| PB 0x000000070f600000| Untracked |  0
| 101|0x000000070f800000, 0x000000070f800000, 0x000000070fa00000|  0%| F|  |TAMS 0x000000070f800000| PB 0x000000070f800000| Untracked |  0
| 102|0x000000070fa00000, 0x000000070fa00000, 0x000000070fc00000|  0%| F|  |TAMS 0x000000070fa00000| PB 0x000000070fa00000| Untracked |  0
| 103|0x000000070fc00000, 0x000000070fc00000, 0x000000070fe00000|  0%| F|  |TAMS 0x000000070fc00000| PB 0x000000070fc00000| Untracked |  0
| 104|0x000000070fe00000, 0x000000070fe00000, 0x0000000710000000|  0%| F|  |TAMS 0x000000070fe00000| PB 0x000000070fe00000| Untracked |  0
| 105|0x0000000710000000, 0x0000000710000000, 0x0000000710200000|  0%| F|  |TAMS 0x0000000710000000| PB 0x0000000710000000| Untracked |  0
| 106|0x0000000710200000, 0x0000000710200000, 0x0000000710400000|  0%| F|  |TAMS 0x0000000710200000| PB 0x0000000710200000| Untracked |  0
| 107|0x0000000710400000, 0x0000000710400000, 0x0000000710600000|  0%| F|  |TAMS 0x0000000710400000| PB 0x0000000710400000| Untracked |  0
| 108|0x0000000710600000, 0x0000000710600000, 0x0000000710800000|  0%| F|  |TAMS 0x0000000710600000| PB 0x0000000710600000| Untracked |  0
| 109|0x0000000710800000, 0x0000000710800000, 0x0000000710a00000|  0%| F|  |TAMS 0x0000000710800000| PB 0x0000000710800000| Untracked |  0
| 110|0x0000000710a00000, 0x0000000710a00000, 0x0000000710c00000|  0%| F|  |TAMS 0x0000000710a00000| PB 0x0000000710a00000| Untracked |  0
| 111|0x0000000710c00000, 0x0000000710c00000, 0x0000000710e00000|  0%| F|  |TAMS 0x0000000710c00000| PB 0x0000000710c00000| Untracked |  0
| 112|0x0000000710e00000, 0x0000000710e00000, 0x0000000711000000|  0%| F|  |TAMS 0x0000000710e00000| PB 0x0000000710e00000| Untracked |  0
| 113|0x0000000711000000, 0x0000000711000000, 0x0000000711200000|  0%| F|  |TAMS 0x0000000711000000| PB 0x0000000711000000| Untracked |  0
| 114|0x0000000711200000, 0x0000000711200000, 0x0000000711400000|  0%| F|  |TAMS 0x0000000711200000| PB 0x0000000711200000| Untracked |  0
| 115|0x0000000711400000, 0x0000000711400000, 0x0000000711600000|  0%| F|  |TAMS 0x0000000711400000| PB 0x0000000711400000| Untracked |  0
| 116|0x0000000711600000, 0x0000000711600000, 0x0000000711800000|  0%| F|  |TAMS 0x0000000711600000| PB 0x0000000711600000| Untracked |  0
| 117|0x0000000711800000, 0x0000000711800000, 0x0000000711a00000|  0%| F|  |TAMS 0x0000000711800000| PB 0x0000000711800000| Untracked |  0
| 118|0x0000000711a00000, 0x0000000711a00000, 0x0000000711c00000|  0%| F|  |TAMS 0x0000000711a00000| PB 0x0000000711a00000| Untracked |  0
| 119|0x0000000711c00000, 0x0000000711c00000, 0x0000000711e00000|  0%| F|  |TAMS 0x0000000711c00000| PB 0x0000000711c00000| Untracked |  0
| 120|0x0000000711e00000, 0x0000000711e00000, 0x0000000712000000|  0%| F|  |TAMS 0x0000000711e00000| PB 0x0000000711e00000| Untracked |  0
| 121|0x0000000712000000, 0x0000000712000000, 0x0000000712200000|  0%| F|  |TAMS 0x0000000712000000| PB 0x0000000712000000| Untracked |  0
| 122|0x0000000712200000, 0x000000071229e328, 0x0000000712400000| 30%| E|  |TAMS 0x0000000712200000| PB 0x0000000712200000| Complete |  0
| 123|0x0000000712400000, 0x0000000712600000, 0x0000000712600000|100%| E|CS|TAMS 0x0000000712400000| PB 0x0000000712400000| Complete |  0
| 124|0x0000000712600000, 0x0000000712800000, 0x0000000712800000|100%| E|CS|TAMS 0x0000000712600000| PB 0x0000000712600000| Complete |  0
| 125|0x0000000712800000, 0x0000000712a00000, 0x0000000712a00000|100%| E|CS|TAMS 0x0000000712800000| PB 0x0000000712800000| Complete |  0
| 126|0x0000000712a00000, 0x0000000712c00000, 0x0000000712c00000|100%| E|CS|TAMS 0x0000000712a00000| PB 0x0000000712a00000| Complete |  0

Card table byte_map: [0x000002733aad0000,0x000002733b2c0000] _byte_map_base: 0x00000273372b9000

Marking Bits: (CMBitMap*) 0x000002732036df60
 Bits: [0x000002733b2c0000, 0x000002733f208000)

Polling page: 0x0000027320420000

Metaspace:

Usage:
  Non-class:    849.41 KB used.
      Class:     74.73 KB used.
       Both:    924.14 KB used.

Virtual space:
  Non-class space:       64.00 MB reserved,     960.00 KB (  1%) committed,  1 nodes.
      Class space:        1.00 GB reserved,     192.00 KB ( <1%) committed,  1 nodes.
             Both:        1.06 GB reserved,       1.12 MB ( <1%) committed. 

Chunk freelists:
   Non-Class:  11.98 MB
       Class:  15.74 MB
        Both:  27.73 MB

MaxMetaspaceSize: unlimited
CompressedClassSpaceSize: 1.00 GB
Initial GC threshold: 21.00 MB
Current GC threshold: 21.00 MB
CDS: on
 - commit_granule_bytes: 65536.
 - commit_granule_words: 8192.
 - virtual_space_node_default_size: 8388608.
 - enlarge_chunks_in_place: 1.
 - use_allocation_guard: 0.


Internal statistics:

num_allocs_failed_limit: 0.
num_arena_births: 18.
num_arena_deaths: 0.
num_vsnodes_births: 2.
num_vsnodes_deaths: 0.
num_space_committed: 18.
num_space_uncommitted: 0.
num_chunks_returned_to_freelist: 0.
num_chunks_taken_from_freelist: 19.
num_chunk_merges: 0.
num_chunk_splits: 14.
num_chunks_enlarged: 8.
num_inconsistent_stats: 0.

CodeHeap 'non-profiled nmethods': size=120064Kb used=181Kb max_used=181Kb free=119882Kb
 bounds [0x0000027332850000, 0x0000027332ac0000, 0x0000027339d90000]
CodeHeap 'profiled nmethods': size=120000Kb used=529Kb max_used=529Kb free=119470Kb
 bounds [0x000002732ad90000, 0x000002732b000000, 0x00000273322c0000]
CodeHeap 'non-nmethods': size=5696Kb used=1306Kb max_used=1333Kb free=4389Kb
 bounds [0x00000273322c0000, 0x0000027332530000, 0x0000027332850000]
CodeCache: size=245760Kb, used=2016Kb, max_used=2043Kb, free=243741Kb
 total_blobs=960, nmethods=534, adapters=332, full_count=0
Compilation: enabled, stopped_count=0, restarted_count=0

Compilation events (20 events):
Event: 5.420 Thread 0x00000273416ccc70 nmethod 484 0x000002732ae06e08 code [0x000002732ae06f20, 0x000002732ae07168]
Event: 5.420 Thread 0x00000273416ccc70  478       1       java.lang.module.ResolvedModule::configuration (5 bytes)
Event: 5.420 Thread 0x0000027387008f30 nmethod 456 0x0000027332875788 code [0x0000027332875880, 0x0000027332875980]
Event: 5.420 Thread 0x00000273416ccc70 nmethod 478 0x0000027332875a88 code [0x0000027332875ba0, 0x0000027332875c70]
Event: 5.421 Thread 0x00000273416ccc70  485       1       java.lang.module.ModuleDescriptor$Provides::service (5 bytes)
Event: 5.421 Thread 0x0000027387008f30  460       4       java.util.ImmutableCollections$SetN$SetNIterator::hasNext (13 bytes)
Event: 5.421 Thread 0x00000273416ccc70 nmethod 485 0x0000027332875d88 code [0x0000027332875ea0, 0x0000027332875f70]
Event: 5.421 Thread 0x00000273416ccc70  486       1       jdk.internal.module.ModuleReferenceImpl::moduleResolution (5 bytes)
Event: 5.421 Thread 0x00000273416ccc70 nmethod 486 0x0000027332876088 code [0x00000273328761a0, 0x0000027332876270]
Event: 5.421 Thread 0x0000027387008f30 nmethod 460 0x0000027332876388 code [0x0000027332876480, 0x0000027332876508]
Event: 5.421 Thread 0x0000027387008f30  403       4       java.util.HashMap::put (13 bytes)
Event: 5.422 Thread 0x0000027387008f30 nmethod 403 0x0000027332876688 code [0x00000273328767a0, 0x00000273328768f8]
Event: 5.422 Thread 0x0000027387008f30  435       4       java.util.HashMap::afterNodeInsertion (1 bytes)
Event: 5.422 Thread 0x0000027387008f30 nmethod 435 0x0000027332876988 code [0x0000027332876a80, 0x0000027332876af8]
Event: 5.422 Thread 0x0000027387008f30  467       4       java.util.HashMap::newNode (13 bytes)
Event: 5.423 Thread 0x0000027387008f30 nmethod 467 0x0000027332876c88 code [0x0000027332876d80, 0x0000027332876e98]
Event: 5.423 Thread 0x0000027387008f30  413       4       java.util.HashSet::add (20 bytes)
Event: 5.425 Thread 0x0000027387008f30 nmethod 413 0x0000027332876f88 code [0x00000273328770a0, 0x0000027332877228]
Event: 5.425 Thread 0x0000027387008f30  409       4       java.lang.String::replace (42 bytes)
Event: 5.425 Thread 0x0000027387a6d140 nmethod 459 0x0000027332877288 code [0x0000027332877400, 0x0000027332877ca0]

GC Heap History (0 events):
No events

Dll operation events (6 events):
Event: 0.096 Loaded shared library C:\Program Files\Java\jdk-23\bin\java.dll
Event: 0.126 Loaded shared library C:\Program Files\Java\jdk-23\bin\jsvml.dll
Event: 0.172 Loaded shared library C:\Program Files\Java\jdk-23\bin\net.dll
Event: 0.176 Loaded shared library C:\Program Files\Java\jdk-23\bin\nio.dll
Event: 0.187 Loaded shared library C:\Program Files\Java\jdk-23\bin\zip.dll
Event: 5.425 Loaded shared library C:\Program Files\Java\jdk-23\bin\zip.dll

Deoptimization events (14 events):
Event: 0.274 Thread 0x000002732266cee0 DEOPT PACKING pc=0x000002732adc26df sp=0x000000d7dc4fdd10
Event: 0.274 Thread 0x000002732266cee0 DEOPT UNPACKING pc=0x0000027332314b22 sp=0x000000d7dc4fd1a0 mode 0
Event: 2.402 Thread 0x000002732266cee0 Uncommon trap: trap_request=0xffffff45 fr.pc=0x0000027332861e04 relative=0x0000000000000704
Event: 2.402 Thread 0x000002732266cee0 Uncommon trap: reason=unstable_if action=reinterpret pc=0x0000027332861e04 method=java.util.ImmutableCollections$SetN.probe(Ljava/lang/Object;)I @ 34 c2
Event: 2.402 Thread 0x000002732266cee0 DEOPT PACKING pc=0x0000027332861e04 sp=0x000000d7dc4fec00
Event: 2.402 Thread 0x000002732266cee0 DEOPT UNPACKING pc=0x0000027332314402 sp=0x000000d7dc4feba0 mode 2
Event: 2.406 Thread 0x000002732266cee0 Uncommon trap: trap_request=0xffffff45 fr.pc=0x0000027332863768 relative=0x0000000000000628
Event: 5.414 Thread 0x000002732266cee0 Uncommon trap: reason=unstable_if action=reinterpret pc=0x0000027332863768 method=java.lang.StringLatin1.newString([BII)Ljava/lang/String; @ 1 c2
Event: 5.414 Thread 0x000002732266cee0 DEOPT PACKING pc=0x0000027332863768 sp=0x000000d7dc4fea50
Event: 5.414 Thread 0x000002732266cee0 DEOPT UNPACKING pc=0x0000027332314402 sp=0x000000d7dc4fe9b0 mode 2
Event: 5.415 Thread 0x000002732266cee0 Uncommon trap: trap_request=0xffffff45 fr.pc=0x0000027332864258 relative=0x0000000000000518
Event: 5.415 Thread 0x000002732266cee0 Uncommon trap: reason=unstable_if action=reinterpret pc=0x0000027332864258 method=java.lang.StringLatin1.newString([BII)Ljava/lang/String; @ 1 c2
Event: 5.415 Thread 0x000002732266cee0 DEOPT PACKING pc=0x0000027332864258 sp=0x000000d7dc4fe9d0
Event: 5.415 Thread 0x000002732266cee0 DEOPT UNPACKING pc=0x0000027332314402 sp=0x000000d7dc4fe9b0 mode 2

Classes loaded (20 events):
Event: 0.320 Loading class java/nio/file/FileTreeWalker$DirectoryNode
Event: 0.320 Loading class java/nio/file/FileTreeWalker$DirectoryNode done
Event: 0.320 Loading class sun/nio/fs/WindowsDirectoryStream$WindowsDirectoryIterator
Event: 0.320 Loading class sun/nio/fs/WindowsDirectoryStream$WindowsDirectoryIterator done
Event: 0.320 Loading class java/nio/file/FileTreeWalker$Event
Event: 0.320 Loading class java/nio/file/FileTreeWalker$Event done
Event: 0.320 Loading class java/nio/file/FileTreeWalker$EventType
Event: 0.320 Loading class java/nio/file/FileTreeWalker$EventType done
Event: 0.325 Loading class sun/nio/fs/WindowsPath$WindowsPathWithAttributes
Event: 0.325 Loading class sun/nio/fs/BasicFileAttributesHolder
Event: 0.325 Loading class sun/nio/fs/BasicFileAttributesHolder done
Event: 0.326 Loading class sun/nio/fs/WindowsPath$WindowsPathWithAttributes done
Event: 1.391 Loading class jdk/internal/module/ModuleReferenceImpl$CachedHash
Event: 1.391 Loading class jdk/internal/module/ModuleReferenceImpl$CachedHash done
Event: 5.417 Loading class java/lang/WeakPairMap$Pair$Weak
Event: 5.417 Loading class java/lang/WeakPairMap$WeakRefPeer
Event: 5.417 Loading class java/lang/WeakPairMap$WeakRefPeer done
Event: 5.417 Loading class java/lang/WeakPairMap$Pair$Weak done
Event: 5.417 Loading class java/lang/WeakPairMap$Pair$Weak$1
Event: 5.417 Loading class java/lang/WeakPairMap$Pair$Weak$1 done

Classes unloaded (0 events):
No events

Classes redefined (0 events):
No events

Internal exceptions (6 events):
Event: 0.321 Thread 0x000002732266cee0 Exception <a 'java/lang/NoSuchMethodError'{0x00000007124689e0}: 'void java.lang.invoke.DirectMethodHandle$Holder.invokeVirtual(java.lang.Object, java.lang.Object)'> (0x00000007124689e0) 
thrown [s\open\src\hotspot\share\interpreter\linkResolver.cpp, line 796]
Event: 0.323 Thread 0x000002732266cee0 Exception <a 'java/lang/NoSuchMethodError'{0x0000000712473780}: 'java.lang.Object java.lang.invoke.DirectMethodHandle$Holder.invokeInterface(java.lang.Object, java.lang.Object, java.lang.Object)'> (0x0000000712473780) 
thrown [s\open\src\hotspot\share\interpreter\linkResolver.cpp, line 796]
Event: 1.390 Thread 0x000002732266cee0 Exception <a 'java/lang/NoSuchMethodError'{0x000000071250a498}: 'void java.lang.invoke.DirectMethodHandle$Holder.invokeSpecial(java.lang.Object, java.lang.Object, java.lang.Object, java.lang.Object, java.lang.Object)'> (0x000000071250a498) 
thrown [s\open\src\hotspot\share\interpreter\linkResolver.cpp, line 796]
Event: 2.400 Thread 0x000002732266cee0 Exception <a 'java/lang/NoSuchMethodError'{0x0000000712521ef8}: 'java.lang.Object java.lang.invoke.DirectMethodHandle$Holder.invokeInterface(java.lang.Object, java.lang.Object)'> (0x0000000712521ef8) 
thrown [s\open\src\hotspot\share\interpreter\linkResolver.cpp, line 796]
Event: 2.400 Thread 0x000002732266cee0 Exception <a 'java/lang/IncompatibleClassChangeError'{0x0000000712525188}: Found class java.lang.Object, but interface was expected> (0x0000000712525188) 
thrown [s\open\src\hotspot\share\interpreter\linkResolver.cpp, line 863]
Event: 2.401 Thread 0x000002732266cee0 Exception <a 'java/lang/NoSuchMethodError'{0x0000000712527be8}: 'void java.lang.invoke.DirectMethodHandle$Holder.invokeStatic(java.lang.Object, java.lang.Object, java.lang.Object, java.lang.Object)'> (0x0000000712527be8) 
thrown [s\open\src\hotspot\share\interpreter\linkResolver.cpp, line 796]

VM Operations (2 events):
Event: 1.383 Executing VM operation: HandshakeAllThreads (Deoptimize)
Event: 1.383 Executing VM operation: HandshakeAllThreads (Deoptimize) done

Memory protections (0 events):
No events

Nmethod flushes (0 events):
No events

Events (14 events):
Event: 0.112 Thread 0x000002732266cee0 Thread added: 0x000002732266cee0
Event: 0.123 Thread 0x000002732266cee0 Thread added: 0x00000273416ba260
Event: 0.123 Thread 0x000002732266cee0 Thread added: 0x00000273416bba30
Event: 0.123 Thread 0x000002732266cee0 Thread added: 0x00000273416c16e0
Event: 0.124 Thread 0x000002732266cee0 Thread added: 0x00000273416c2490
Event: 0.124 Thread 0x000002732266cee0 Thread added: 0x00000273416c48a0
Event: 0.124 Thread 0x000002732266cee0 Thread added: 0x00000273416caa80
Event: 0.124 Thread 0x000002732266cee0 Thread added: 0x0000027387008f30
Event: 0.124 Thread 0x000002732266cee0 Thread added: 0x00000273416ccc70
Event: 0.165 Thread 0x000002732266cee0 Thread added: 0x00000273870f0080
Event: 0.267 Thread 0x00000273416ccc70 Thread added: 0x0000027387218b10
Event: 0.273 Thread 0x00000273416ccc70 Thread added: 0x000002738721c6f0
Event: 1.373 Thread 0x000002738721c6f0 Thread exited: 0x000002738721c6f0
Event: 2.404 Thread 0x00000273416ccc70 Thread added: 0x0000027387a6d140


Dynamic libraries:
0x00007ff6dc640000 - 0x00007ff6dc650000 	C:\Program Files\Java\jdk-23\bin\java.exe
0x00007ff919680000 - 0x00007ff9198e3000 	C:\WINDOWS\SYSTEM32\ntdll.dll
0x00007ff8cfa10000 - 0x00007ff8cfa2a000 	C:\Program Files\Avast Software\Avast\aswhook.dll
0x00007ff917b60000 - 0x00007ff917c28000 	C:\WINDOWS\System32\KERNEL32.DLL
0x00007ff916a50000 - 0x00007ff916e02000 	C:\WINDOWS\System32\KERNELBASE.dll
0x00007ff9171b0000 - 0x00007ff9172fb000 	C:\WINDOWS\System32\ucrtbase.dll
0x00007ff90e750000 - 0x00007ff90e767000 	C:\Program Files\Java\jdk-23\bin\jli.dll
0x00007ff906570000 - 0x00007ff90658b000 	C:\Program Files\Java\jdk-23\bin\VCRUNTIME140.dll
0x00007ff918190000 - 0x00007ff918358000 	C:\WINDOWS\System32\USER32.dll
0x00007ff917180000 - 0x00007ff9171a7000 	C:\WINDOWS\System32\win32u.dll
0x00007ff8fb710000 - 0x00007ff8fb9a0000 	C:\WINDOWS\WinSxS\amd64_microsoft.windows.common-controls_6595b64144ccf1df_6.0.26100.2454_none_3e0b68a2e331ad60\COMCTL32.dll
0x00007ff9187c0000 - 0x00007ff9187ea000 	C:\WINDOWS\System32\GDI32.dll
0x00007ff918850000 - 0x00007ff9188f9000 	C:\WINDOWS\System32\msvcrt.dll
0x00007ff916e10000 - 0x00007ff916f3b000 	C:\WINDOWS\System32\gdi32full.dll
0x00007ff917430000 - 0x00007ff9174d3000 	C:\WINDOWS\System32\msvcp_win.dll
0x00007ff9186b0000 - 0x00007ff9186df000 	C:\WINDOWS\System32\IMM32.DLL
0x00007ff913370000 - 0x00007ff91337c000 	C:\Program Files\Java\jdk-23\bin\vcruntime140_1.dll
0x00007ff901990000 - 0x00007ff901a1e000 	C:\Program Files\Java\jdk-23\bin\msvcp140.dll
0x00007ff885670000 - 0x00007ff8863bf000 	C:\Program Files\Java\jdk-23\bin\server\jvm.dll
0x00007ff918700000 - 0x00007ff9187b4000 	C:\WINDOWS\System32\ADVAPI32.dll
0x00007ff917ea0000 - 0x00007ff917f46000 	C:\WINDOWS\System32\sechost.dll
0x00007ff9194a0000 - 0x00007ff9195b6000 	C:\WINDOWS\System32\RPCRT4.dll
0x00007ff9174e0000 - 0x00007ff917554000 	C:\WINDOWS\System32\WS2_32.dll
0x00007ff915720000 - 0x00007ff91576e000 	C:\WINDOWS\SYSTEM32\POWRPROF.dll
0x00007ff902820000 - 0x00007ff902856000 	C:\WINDOWS\SYSTEM32\WINMM.dll
0x00007ff90def0000 - 0x00007ff90defb000 	C:\WINDOWS\SYSTEM32\VERSION.dll
0x00007ff915700000 - 0x00007ff915714000 	C:\WINDOWS\SYSTEM32\UMPDC.dll
0x00007ff9159a0000 - 0x00007ff9159ba000 	C:\WINDOWS\SYSTEM32\kernel.appcore.dll
0x00007ff911460000 - 0x00007ff91146a000 	C:\Program Files\Java\jdk-23\bin\jimage.dll
0x00007ff914340000 - 0x00007ff914581000 	C:\WINDOWS\SYSTEM32\DBGHELP.DLL
0x00007ff917560000 - 0x00007ff9178de000 	C:\WINDOWS\System32\combase.dll
0x00007ff9180b0000 - 0x00007ff918186000 	C:\WINDOWS\System32\OLEAUT32.dll
0x00007ff906f40000 - 0x00007ff906f79000 	C:\WINDOWS\SYSTEM32\dbgcore.DLL
0x00007ff917300000 - 0x00007ff917399000 	C:\WINDOWS\System32\bcryptPrimitives.dll
0x00007ff90e720000 - 0x00007ff90e72f000 	C:\Program Files\Java\jdk-23\bin\instrument.dll
0x00007ff905310000 - 0x00007ff90532e000 	C:\Program Files\Java\jdk-23\bin\java.dll
0x00007ff918450000 - 0x00007ff9185e9000 	C:\WINDOWS\System32\ole32.dll
0x00007ff918900000 - 0x00007ff919000000 	C:\WINDOWS\System32\SHELL32.dll
0x00007ff9147a0000 - 0x00007ff914fd1000 	C:\WINDOWS\SYSTEM32\windows.storage.dll
0x00007ff917fd0000 - 0x00007ff9180aa000 	C:\WINDOWS\System32\SHCORE.dll
0x00007ff917c30000 - 0x00007ff917c8d000 	C:\WINDOWS\System32\shlwapi.dll
0x00007ff916960000 - 0x00007ff91698e000 	C:\WINDOWS\SYSTEM32\profapi.dll
0x00007ff893410000 - 0x00007ff8934e7000 	C:\Program Files\Java\jdk-23\bin\jsvml.dll
0x00007ff904f20000 - 0x00007ff904f30000 	C:\Program Files\Java\jdk-23\bin\net.dll
0x00007ff915ea0000 - 0x00007ff915f08000 	C:\WINDOWS\system32\mswsock.dll
0x00007ff9048f0000 - 0x00007ff904906000 	C:\Program Files\Java\jdk-23\bin\nio.dll
0x00007ff902080000 - 0x00007ff902097000 	C:\Program Files\Java\jdk-23\bin\zip.dll

dbghelp: loaded successfully - version: 4.0.5 - missing functions: none
symbol engine: initialized successfully - sym options: 0x614 - pdb path: .;C:\Program Files\Java\jdk-23\bin;C:\WINDOWS\SYSTEM32;C:\Program Files\Avast Software\Avast;C:\WINDOWS\WinSxS\amd64_microsoft.windows.common-controls_6595b64144ccf1df_6.0.26100.2454_none_3e0b68a2e331ad60;C:\Program Files\Java\jdk-23\bin\server

VM Arguments:
jvm_args: -javaagent:C:\Program Files\JetBrains\IntelliJ IDEA Community Edition 2024.2.3\lib\idea_rt.jar=50408:C:\Program Files\JetBrains\IntelliJ IDEA Community Edition 2024.2.3\bin -Dfile.encoding=UTF-8 -Dsun.stdout.encoding=UTF-8 -Dsun.stderr.encoding=UTF-8 --module-path=C:\Users\husse\.m2\repository\org\openjfx\javafx-media\21\javafx-media-21-win.jar;C:\Users\husse\.m2\repository\org\openjfx\javafx-controls\21\javafx-controls-21-win.jar;C:\Users\husse\.m2\repository\org\openjfx\javafx-graphics\21\javafx-graphics-21-win.jar;C:\Users\husse\.m2\repository\org\openjfx\javafx-fxml\21\javafx-fxml-21-win.jar;C:\Users\husse\.m2\repository\org\openjfx\javafx-web\21\javafx-web-21-win.jar;C:\Users\husse\.m2\repository\org\openjfx\javafx-base\21\javafx-base-21-win.jar;D:\Projects\IdeaProjects\WatchIt\target\classes;C:\Users\husse\Downloads\Compressed\jar_files\fontawesomefx-8.2.jar -Djdk.module.main=watchit 
java_command: watchit/WatchIt.Application
java_class_path (initial): C:\Users\husse\.m2\repository\org\openjfx\javafx-controls\21\javafx-controls-21.jar;C:\Users\husse\.m2\repository\org\openjfx\javafx-graphics\21\javafx-graphics-21.jar;C:\Users\husse\.m2\repository\org\openjfx\javafx-base\21\javafx-base-21.jar;C:\Users\husse\.m2\repository\org\openjfx\javafx-fxml\21\javafx-fxml-21.jar;C:\Users\husse\.m2\repository\org\openjfx\javafx-web\21\javafx-web-21.jar;C:\Users\husse\.m2\repository\org\openjfx\javafx-swing\21\javafx-swing-21.jar;C:\Users\husse\.m2\repository\org\openjfx\javafx-swing\21\javafx-swing-21-win.jar;C:\Users\husse\.m2\repository\org\openjfx\javafx-media\21\javafx-media-21.jar;C:\Users\husse\.m2\repository\org\controlsfx\controlsfx\11.1.2\controlsfx-11.1.2.jar;C:\Users\husse\.m2\repository\com\dlsc\formsfx\formsfx-core\11.6.0\formsfx-core-11.6.0.jar;C:\Users\husse\.m2\repository\net\synedra\validatorfx\0.4.0\validatorfx-0.4.0.jar;C:\Users\husse\.m2\repository\org\kordamp\ikonli\ikonli-javafx\12.3.1\ikonli-javafx-12.3.1.jar;C:\Users\husse\.m2\repository\org\kordamp\ikonli\ikonli-core\12.3.1\ikonli-core-12.3.1.jar;C:\Users\husse\.m2\repository\org\kordamp\bootstrapfx\bootstrapfx-core\0.4.0\bootstrapfx-core-0.4.0.jar;C:\Users\husse\.m2\repository\eu\hansolo\tilesfx\11.48\tilesfx-11.48.jar;C:\Users\husse\.m2\repository\com\github\almasb\fxgl\17.3\fxgl-17.3.jar;C:\Users\husse\.m2\repository\com\github\almasb\fxgl-core\17.3\fxgl-core-17.3.jar;C:\Users\husse\.m2\repository\com\gluonhq\attach\audio\4.0.17\audio-4.0.17.jar;C:\Users\husse\.m2\repository\com\github\almasb\fxgl-io\17.3\fxgl-io-17.3.jar;C:\Users\husse\.m2\repository\com\gluonhq\attach\storage\4.0.17\storage-4.0.17.jar;C:\Users\husse\.m2\repository\com\gluonhq\attach\util\4.0.17\util-4.0.17.jar;C:\Users\husse\.m2\repository\com\github\almasb\fxgl-entity\17.3\fxgl-entity-17.3.jar;C:\Users\husse\.m2\repository\com\github\almasb\fxgl-scene\17.3\fxgl-scene-17.3.jar;C:\Users\husse\.m2\repository\com\github\almasb\fxgl-gameplay\17.3\fxgl-gameplay-17.3.jar;C:\Users\husse\.m2\repository\com\fasterxml\jackson\core\jackson-annotations\2.14.2\jackson-annotations-2.14.2.jar;C:\Users\husse\.m2\repository\com\fasterxml\jackson\core\jackson-databind\2.14.2\jackson-databind-2.14.2.jar;C:\Users\husse\.m2\repository\com\fasterxml\jackson\core\jackson-core\2.14.2\jackson-core-2.14.2.jar;C:\Users\husse\.m2\repository\com\gluonhq\attach\lifecycle\4.0.17\lifecycle-4.0.17.jar;C:\Users\husse\.m2\repository\org\jetbrains\kotlin\kotlin-stdlib\1.8.10\kotlin-stdlib-1.8.10.jar;C:\Users\husse\.m2\repository\org\jetbrains\kotlin\kotlin-stdlib-common\1.8.10\kotlin-stdlib-common-1.8.10.jar;C:\Users\husse\.m2\repository\org\jetbrains\annotations\13.0\annotations-13.0.jar
Launcher Type: SUN_STANDARD

[Global flags]
     intx CICompilerCount                          = 4                                         {product} {ergonomic}
     uint ConcGCThreads                            = 3                                         {product} {ergonomic}
     uint G1ConcRefinementThreads                  = 10                                        {product} {ergonomic}
   size_t G1HeapRegionSize                         = 2097152                                   {product} {ergonomic}
   size_t InitialHeapSize                          = 266338304                                 {product} {ergonomic}
   size_t MarkStackSize                            = 4194304                                   {product} {ergonomic}
   size_t MarkStackSizeMax                         = 536870912                                 {product} {ergonomic}
   size_t MaxHeapSize                              = 4246732800                                {product} {ergonomic}
   size_t MaxNewSize                               = 2548039680                                {product} {ergonomic}
   size_t MinHeapDeltaBytes                        = 2097152                                   {product} {ergonomic}
   size_t MinHeapSize                              = 8388608                                   {product} {ergonomic}
    uintx NonNMethodCodeHeapSize                   = 5832704                                {pd product} {ergonomic}
    uintx NonProfiledCodeHeapSize                  = 122945536                              {pd product} {ergonomic}
    uintx ProfiledCodeHeapSize                     = 122880000                              {pd product} {ergonomic}
    uintx ReservedCodeCacheSize                    = 251658240                              {pd product} {ergonomic}
     bool SegmentedCodeCache                       = true                                      {product} {ergonomic}
   size_t SoftMaxHeapSize                          = 4246732800                             {manageable} {ergonomic}
     bool UseCompressedOops                        = true                           {product lp64_product} {ergonomic}
     bool UseG1GC                                  = true                                      {product} {ergonomic}
     bool UseLargePagesIndividualAllocation        = false                                  {pd product} {ergonomic}

Logging:
Log output configuration:
 #0: stdout all=warning uptime,level,tags foldmultilines=false
 #1: stderr all=off uptime,level,tags foldmultilines=false

Environment Variables:
PATH=C:\Oracle\Middleware\Oracle_FRHome1\bin;C:\app\husse\product\11.2.0\dbhome_1\bin;C:\Program Files\Common Files\Oracle\Java\javapath;C:\Program Files (x86)\Common Files\Oracle\Java\java8path;C:\Program Files (x86)\Common Files\Oracle\Java\javapath;C:\Program Files (x86)\VMware\VMware Workstation\bin\;C:\Windows\system32;C:\Windows;C:\Windows\System32\Wbem;C:\Windows\System32\WindowsPowerShell\v1.0\;C:\Windows\System32\OpenSSH\;C:\Program Files (x86)\NVIDIA Corporation\PhysX\Common;C:\Program Files\NVIDIA Corporation\NVIDIA NvDLISR;C:\WINDOWS\system32;C:\WINDOWS;C:\WINDOWS\System32\Wbem;C:\WINDOWS\System32\WindowsPowerShell\v1.0\;C:\WINDOWS\System32\OpenSSH\;C:\Program Files (x86)\Windows Kits\10\Windows Performance Toolkit\;C:\Program Files\Microsoft SQL Server\150\Tools\Binn\;C:\Program Files\Microsoft SQL Server\Client SDK\ODBC\170\Tools\Binn\;C:\Program Files\dotnet\;C:\Program Files\Common Files\Autodesk Shared\;C:\Program Files\Microsoft SQL Server\120\Tools\Binn\;C:\Program Files\Java\jdk-23\bin;C:\Program Files\dart-sdk\bin;C:\flutter\bin;C:\Oracle\Middleware\Oracle_FRHome1\opmn\bin;C:\Oracle\Middleware\Oracle_FRHome1\opmn\lib;C:\Oracle\Middleware\Oracle_FRHome1\perl\bin;C:\Program Files\Git\cmd;C:\Users\husse\AppData\Local\Programs\Python\Python39\Scripts\;C:\Users\husse\AppData\Local\Programs\Python\Python39\;C:\Users\husse\AppData\Local\Programs\Python\Python313\Scripts\;C:\Users\husse\AppData\Local\Programs\Python\Python313\;C:\Users\husse\AppData\Local\Microsoft\WindowsApps;C:\Users\husse\.dotnet\tools;C:\Users\husse\AppData\Local\Programs\Microsoft VS Code\bin;C:\msys64\ucrt64\bin;;C:\Program Files\JetBrains\IntelliJ IDEA 2024.3.1\bin;;C:\Program Files\JetBrains\IntelliJ IDEA Community Edition 2024.2.3\bin;
USERNAME=husse
LD_LIBRARY_PATH=C:\Oracle\Middleware\Oracle_FRHome1\lib
OS=Windows_NT
PROCESSOR_IDENTIFIER=Intel64 Family 6 Model 158 Stepping 10, GenuineIntel
TMP=C:\Users\husse\AppData\Local\Temp
TEMP=C:\Users\husse\AppData\Local\Temp




Periodic native trim disabled

---------------  S Y S T E M  ---------------

OS:
 Windows 11 , 64 bit Build 26100 (10.0.26100.2454)
OS uptime: 0 days 9:14 hours

CPU: total 12 (initial active 12) (6 cores per cpu, 2 threads per core) family 6 model 158 stepping 10 microcode 0xf4, cx8, cmov, fxsr, ht, mmx, 3dnowpref, sse, sse2, sse3, ssse3, sse4.1, sse4.2, popcnt, lzcnt, tsc, tscinvbit, avx, avx2, aes, erms, clmul, bmi1, bmi2, adx, fma, vzeroupper, clflush, clflushopt, rdtscp, f16c
Processor Information for the first 12 processors :
  Max Mhz: 2592, Current Mhz: 2592, Mhz Limit: 2592

Memory: 4k page, system-wide physical 16196M (4630M free)
TotalPageFile size 16196M (AvailPageFile size 2M)
current process WorkingSet (physical memory assigned to process): 64M, peak: 64M
current process commit charge ("private bytes"): 359M, peak: 360M

vm_info: Java HotSpot(TM) 64-Bit Server VM (23+37-2369) for windows-amd64 JRE (23+37-2369), built on 2024-08-20T16:01:23Z with MS VC++ 17.6 (VS2022)

END.
